[2017-04-08 13:44:04] local.ERROR: exception 'ReflectionException' with message 'Class ip does not exist' in C:\wamp64\www\tuto-laravel\vendor\compiled.php:1029
Stack trace:
#0 C:\wamp64\www\tuto-laravel\vendor\compiled.php(1029): ReflectionClass->__construct('ip')
#1 C:\wamp64\www\tuto-laravel\vendor\compiled.php(980): Illuminate\Container\Container->build('ip', Array)
#2 C:\wamp64\www\tuto-laravel\vendor\compiled.php(1493): Illuminate\Container\Container->make('ip', Array)
#3 C:\wamp64\www\tuto-laravel\vendor\compiled.php(8944): Illuminate\Foundation\Application->make('ip')
#4 [internal function]: Illuminate\Pipeline\Pipeline->Illuminate\Pipeline\{closure}(Object(Illuminate\Http\Request))
#5 C:\wamp64\www\tuto-laravel\vendor\compiled.php(8935): call_user_func(Object(Closure), Object(Illuminate\Http\Request))
#6 C:\wamp64\www\tuto-laravel\vendor\compiled.php(8334): Illuminate\Pipeline\Pipeline->then(Object(Closure))
#7 C:\wamp64\www\tuto-laravel\vendor\compiled.php(8320): Illuminate\Routing\ControllerDispatcher->callWithinStack(Object(App\Http\Controllers\WelcomeController), Object(Illuminate\Routing\Route), Object(Illuminate\Http\Request), 'index')
#8 C:\wamp64\www\tuto-laravel\vendor\compiled.php(7317): Illuminate\Routing\ControllerDispatcher->dispatch(Object(Illuminate\Routing\Route), Object(Illuminate\Http\Request), 'App\\Http\\Contro...', 'index')
#9 C:\wamp64\www\tuto-laravel\vendor\compiled.php(7288): Illuminate\Routing\Route->runWithCustomDispatcher(Object(Illuminate\Http\Request))
#10 C:\wamp64\www\tuto-laravel\vendor\compiled.php(6954): Illuminate\Routing\Route->run(Object(Illuminate\Http\Request))
#11 [internal function]: Illuminate\Routing\Router->Illuminate\Routing\{closure}(Object(Illuminate\Http\Request))
#12 C:\wamp64\www\tuto-laravel\vendor\compiled.php(8952): call_user_func(Object(Closure), Object(Illuminate\Http\Request))
#13 [internal function]: Illuminate\Pipeline\Pipeline->Illuminate\Pipeline\{closure}(Object(Illuminate\Http\Request))
#14 C:\wamp64\www\tuto-laravel\vendor\compiled.php(8935): call_user_func(Object(Closure), Object(Illuminate\Http\Request))
#15 C:\wamp64\www\tuto-laravel\vendor\compiled.php(6955): Illuminate\Pipeline\Pipeline->then(Object(Closure))
#16 C:\wamp64\www\tuto-laravel\vendor\compiled.php(6944): Illuminate\Routing\Router->runRouteWithinStack(Object(Illuminate\Routing\Route), Object(Illuminate\Http\Request))
#17 C:\wamp64\www\tuto-laravel\vendor\compiled.php(6929): Illuminate\Routing\Router->dispatchToRoute(Object(Illuminate\Http\Request))
#18 C:\wamp64\www\tuto-laravel\vendor\compiled.php(1935): Illuminate\Routing\Router->dispatch(Object(Illuminate\Http\Request))
#19 [internal function]: Illuminate\Foundation\Http\Kernel->Illuminate\Foundation\Http\{closure}(Object(Illuminate\Http\Request))
#20 C:\wamp64\www\tuto-laravel\vendor\compiled.php(8952): call_user_func(Object(Closure), Object(Illuminate\Http\Request))
#21 C:\wamp64\www\tuto-laravel\vendor\compiled.php(2438): Illuminate\Pipeline\Pipeline->Illuminate\Pipeline\{closure}(Object(Illuminate\Http\Request))
#22 C:\wamp64\www\tuto-laravel\app\Http\Middleware\VerifyCsrfToken.php(17): Illuminate\Foundation\Http\Middleware\VerifyCsrfToken->handle(Object(Illuminate\Http\Request), Object(Closure))
#23 C:\wamp64\www\tuto-laravel\vendor\compiled.php(8944): App\Http\Middleware\VerifyCsrfToken->handle(Object(Illuminate\Http\Request), Object(Closure))
#24 C:\wamp64\www\tuto-laravel\vendor\compiled.php(12083): Illuminate\Pipeline\Pipeline->Illuminate\Pipeline\{closure}(Object(Illuminate\Http\Request))
#25 C:\wamp64\www\tuto-laravel\vendor\compiled.php(8944): Illuminate\View\Middleware\ShareErrorsFromSession->handle(Object(Illuminate\Http\Request), Object(Closure))
#26 C:\wamp64\www\tuto-laravel\vendor\compiled.php(10785): Illuminate\Pipeline\Pipeline->Illuminate\Pipeline\{closure}(Object(Illuminate\Http\Request))
#27 C:\wamp64\www\tuto-laravel\vendor\compiled.php(8944): Illuminate\Session\Middleware\StartSession->handle(Object(Illuminate\Http\Request), Object(Closure))
#28 C:\wamp64\www\tuto-laravel\vendor\compiled.php(11789): Illuminate\Pipeline\Pipeline->Illuminate\Pipeline\{closure}(Object(Illuminate\Http\Request))
#29 C:\wamp64\www\tuto-laravel\vendor\compiled.php(8944): Illuminate\Cookie\Middleware\AddQueuedCookiesToResponse->handle(Object(Illuminate\Http\Request), Object(Closure))
#30 C:\wamp64\www\tuto-laravel\vendor\compiled.php(11738): Illuminate\Pipeline\Pipeline->Illuminate\Pipeline\{closure}(Object(Illuminate\Http\Request))
#31 C:\wamp64\www\tuto-laravel\vendor\compiled.php(8944): Illuminate\Cookie\Middleware\EncryptCookies->handle(Object(Illuminate\Http\Request), Object(Closure))
#32 C:\wamp64\www\tuto-laravel\vendor\compiled.php(2478): Illuminate\Pipeline\Pipeline->Illuminate\Pipeline\{closure}(Object(Illuminate\Http\Request))
#33 C:\wamp64\www\tuto-laravel\vendor\compiled.php(8944): Illuminate\Foundation\Http\Middleware\CheckForMaintenanceMode->handle(Object(Illuminate\Http\Request), Object(Closure))
#34 [internal function]: Illuminate\Pipeline\Pipeline->Illuminate\Pipeline\{closure}(Object(Illuminate\Http\Request))
#35 C:\wamp64\www\tuto-laravel\vendor\compiled.php(8935): call_user_func(Object(Closure), Object(Illuminate\Http\Request))
#36 C:\wamp64\www\tuto-laravel\vendor\compiled.php(1891): Illuminate\Pipeline\Pipeline->then(Object(Closure))
#37 C:\wamp64\www\tuto-laravel\vendor\compiled.php(1880): Illuminate\Foundation\Http\Kernel->sendRequestThroughRouter(Object(Illuminate\Http\Request))
#38 C:\wamp64\www\tuto-laravel\public\index.php(53): Illuminate\Foundation\Http\Kernel->handle(Object(Illuminate\Http\Request))
#39 {main}  
[2017-04-08 13:44:07] local.ERROR: exception 'ReflectionException' with message 'Class ip does not exist' in C:\wamp64\www\tuto-laravel\vendor\compiled.php:1029
Stack trace:
#0 C:\wamp64\www\tuto-laravel\vendor\compiled.php(1029): ReflectionClass->__construct('ip')
#1 C:\wamp64\www\tuto-laravel\vendor\compiled.php(980): Illuminate\Container\Container->build('ip', Array)
#2 C:\wamp64\www\tuto-laravel\vendor\compiled.php(1493): Illuminate\Container\Container->make('ip', Array)
#3 C:\wamp64\www\tuto-laravel\vendor\compiled.php(8944): Illuminate\Foundation\Application->make('ip')
#4 [internal function]: Illuminate\Pipeline\Pipeline->Illuminate\Pipeline\{closure}(Object(Illuminate\Http\Request))
#5 C:\wamp64\www\tuto-laravel\vendor\compiled.php(8935): call_user_func(Object(Closure), Object(Illuminate\Http\Request))
#6 C:\wamp64\www\tuto-laravel\vendor\compiled.php(8334): Illuminate\Pipeline\Pipeline->then(Object(Closure))
#7 C:\wamp64\www\tuto-laravel\vendor\compiled.php(8320): Illuminate\Routing\ControllerDispatcher->callWithinStack(Object(App\Http\Controllers\WelcomeController), Object(Illuminate\Routing\Route), Object(Illuminate\Http\Request), 'getIndex')
#8 C:\wamp64\www\tuto-laravel\vendor\compiled.php(7317): Illuminate\Routing\ControllerDispatcher->dispatch(Object(Illuminate\Routing\Route), Object(Illuminate\Http\Request), 'App\\Http\\Contro...', 'getIndex')
#9 C:\wamp64\www\tuto-laravel\vendor\compiled.php(7288): Illuminate\Routing\Route->runWithCustomDispatcher(Object(Illuminate\Http\Request))
#10 C:\wamp64\www\tuto-laravel\vendor\compiled.php(6954): Illuminate\Routing\Route->run(Object(Illuminate\Http\Request))
#11 [internal function]: Illuminate\Routing\Router->Illuminate\Routing\{closure}(Object(Illuminate\Http\Request))
#12 C:\wamp64\www\tuto-laravel\vendor\compiled.php(8952): call_user_func(Object(Closure), Object(Illuminate\Http\Request))
#13 [internal function]: Illuminate\Pipeline\Pipeline->Illuminate\Pipeline\{closure}(Object(Illuminate\Http\Request))
#14 C:\wamp64\www\tuto-laravel\vendor\compiled.php(8935): call_user_func(Object(Closure), Object(Illuminate\Http\Request))
#15 C:\wamp64\www\tuto-laravel\vendor\compiled.php(6955): Illuminate\Pipeline\Pipeline->then(Object(Closure))
#16 C:\wamp64\www\tuto-laravel\vendor\compiled.php(6944): Illuminate\Routing\Router->runRouteWithinStack(Object(Illuminate\Routing\Route), Object(Illuminate\Http\Request))
#17 C:\wamp64\www\tuto-laravel\vendor\compiled.php(6929): Illuminate\Routing\Router->dispatchToRoute(Object(Illuminate\Http\Request))
#18 C:\wamp64\www\tuto-laravel\vendor\compiled.php(1935): Illuminate\Routing\Router->dispatch(Object(Illuminate\Http\Request))
#19 [internal function]: Illuminate\Foundation\Http\Kernel->Illuminate\Foundation\Http\{closure}(Object(Illuminate\Http\Request))
#20 C:\wamp64\www\tuto-laravel\vendor\compiled.php(8952): call_user_func(Object(Closure), Object(Illuminate\Http\Request))
#21 C:\wamp64\www\tuto-laravel\vendor\compiled.php(2438): Illuminate\Pipeline\Pipeline->Illuminate\Pipeline\{closure}(Object(Illuminate\Http\Request))
#22 C:\wamp64\www\tuto-laravel\app\Http\Middleware\VerifyCsrfToken.php(17): Illuminate\Foundation\Http\Middleware\VerifyCsrfToken->handle(Object(Illuminate\Http\Request), Object(Closure))
#23 C:\wamp64\www\tuto-laravel\vendor\compiled.php(8944): App\Http\Middleware\VerifyCsrfToken->handle(Object(Illuminate\Http\Request), Object(Closure))
#24 C:\wamp64\www\tuto-laravel\vendor\compiled.php(12083): Illuminate\Pipeline\Pipeline->Illuminate\Pipeline\{closure}(Object(Illuminate\Http\Request))
#25 C:\wamp64\www\tuto-laravel\vendor\compiled.php(8944): Illuminate\View\Middleware\ShareErrorsFromSession->handle(Object(Illuminate\Http\Request), Object(Closure))
#26 C:\wamp64\www\tuto-laravel\vendor\compiled.php(10785): Illuminate\Pipeline\Pipeline->Illuminate\Pipeline\{closure}(Object(Illuminate\Http\Request))
#27 C:\wamp64\www\tuto-laravel\vendor\compiled.php(8944): Illuminate\Session\Middleware\StartSession->handle(Object(Illuminate\Http\Request), Object(Closure))
#28 C:\wamp64\www\tuto-laravel\vendor\compiled.php(11789): Illuminate\Pipeline\Pipeline->Illuminate\Pipeline\{closure}(Object(Illuminate\Http\Request))
#29 C:\wamp64\www\tuto-laravel\vendor\compiled.php(8944): Illuminate\Cookie\Middleware\AddQueuedCookiesToResponse->handle(Object(Illuminate\Http\Request), Object(Closure))
#30 C:\wamp64\www\tuto-laravel\vendor\compiled.php(11738): Illuminate\Pipeline\Pipeline->Illuminate\Pipeline\{closure}(Object(Illuminate\Http\Request))
#31 C:\wamp64\www\tuto-laravel\vendor\compiled.php(8944): Illuminate\Cookie\Middleware\EncryptCookies->handle(Object(Illuminate\Http\Request), Object(Closure))
#32 C:\wamp64\www\tuto-laravel\vendor\compiled.php(2478): Illuminate\Pipeline\Pipeline->Illuminate\Pipeline\{closure}(Object(Illuminate\Http\Request))
#33 C:\wamp64\www\tuto-laravel\vendor\compiled.php(8944): Illuminate\Foundation\Http\Middleware\CheckForMaintenanceMode->handle(Object(Illuminate\Http\Request), Object(Closure))
#34 [internal function]: Illuminate\Pipeline\Pipeline->Illuminate\Pipeline\{closure}(Object(Illuminate\Http\Request))
#35 C:\wamp64\www\tuto-laravel\vendor\compiled.php(8935): call_user_func(Object(Closure), Object(Illuminate\Http\Request))
#36 C:\wamp64\www\tuto-laravel\vendor\compiled.php(1891): Illuminate\Pipeline\Pipeline->then(Object(Closure))
#37 C:\wamp64\www\tuto-laravel\vendor\compiled.php(1880): Illuminate\Foundation\Http\Kernel->sendRequestThroughRouter(Object(Illuminate\Http\Request))
#38 C:\wamp64\www\tuto-laravel\public\index.php(53): Illuminate\Foundation\Http\Kernel->handle(Object(Illuminate\Http\Request))
#39 {main}  
[2017-04-08 13:44:12] local.ERROR: exception 'ReflectionException' with message 'Class ip does not exist' in C:\wamp64\www\tuto-laravel\vendor\compiled.php:1029
Stack trace:
#0 C:\wamp64\www\tuto-laravel\vendor\compiled.php(1029): ReflectionClass->__construct('ip')
#1 C:\wamp64\www\tuto-laravel\vendor\compiled.php(980): Illuminate\Container\Container->build('ip', Array)
#2 C:\wamp64\www\tuto-laravel\vendor\compiled.php(1493): Illuminate\Container\Container->make('ip', Array)
#3 C:\wamp64\www\tuto-laravel\vendor\compiled.php(8944): Illuminate\Foundation\Application->make('ip')
#4 [internal function]: Illuminate\Pipeline\Pipeline->Illuminate\Pipeline\{closure}(Object(Illuminate\Http\Request))
#5 C:\wamp64\www\tuto-laravel\vendor\compiled.php(8935): call_user_func(Object(Closure), Object(Illuminate\Http\Request))
#6 C:\wamp64\www\tuto-laravel\vendor\compiled.php(8334): Illuminate\Pipeline\Pipeline->then(Object(Closure))
#7 C:\wamp64\www\tuto-laravel\vendor\compiled.php(8320): Illuminate\Routing\ControllerDispatcher->callWithinStack(Object(App\Http\Controllers\WelcomeController), Object(Illuminate\Routing\Route), Object(Illuminate\Http\Request), 'getIndex')
#8 C:\wamp64\www\tuto-laravel\vendor\compiled.php(7317): Illuminate\Routing\ControllerDispatcher->dispatch(Object(Illuminate\Routing\Route), Object(Illuminate\Http\Request), 'App\\Http\\Contro...', 'getIndex')
#9 C:\wamp64\www\tuto-laravel\vendor\compiled.php(7288): Illuminate\Routing\Route->runWithCustomDispatcher(Object(Illuminate\Http\Request))
#10 C:\wamp64\www\tuto-laravel\vendor\compiled.php(6954): Illuminate\Routing\Route->run(Object(Illuminate\Http\Request))
#11 [internal function]: Illuminate\Routing\Router->Illuminate\Routing\{closure}(Object(Illuminate\Http\Request))
#12 C:\wamp64\www\tuto-laravel\vendor\compiled.php(8952): call_user_func(Object(Closure), Object(Illuminate\Http\Request))
#13 [internal function]: Illuminate\Pipeline\Pipeline->Illuminate\Pipeline\{closure}(Object(Illuminate\Http\Request))
#14 C:\wamp64\www\tuto-laravel\vendor\compiled.php(8935): call_user_func(Object(Closure), Object(Illuminate\Http\Request))
#15 C:\wamp64\www\tuto-laravel\vendor\compiled.php(6955): Illuminate\Pipeline\Pipeline->then(Object(Closure))
#16 C:\wamp64\www\tuto-laravel\vendor\compiled.php(6944): Illuminate\Routing\Router->runRouteWithinStack(Object(Illuminate\Routing\Route), Object(Illuminate\Http\Request))
#17 C:\wamp64\www\tuto-laravel\vendor\compiled.php(6929): Illuminate\Routing\Router->dispatchToRoute(Object(Illuminate\Http\Request))
#18 C:\wamp64\www\tuto-laravel\vendor\compiled.php(1935): Illuminate\Routing\Router->dispatch(Object(Illuminate\Http\Request))
#19 [internal function]: Illuminate\Foundation\Http\Kernel->Illuminate\Foundation\Http\{closure}(Object(Illuminate\Http\Request))
#20 C:\wamp64\www\tuto-laravel\vendor\compiled.php(8952): call_user_func(Object(Closure), Object(Illuminate\Http\Request))
#21 C:\wamp64\www\tuto-laravel\vendor\compiled.php(2438): Illuminate\Pipeline\Pipeline->Illuminate\Pipeline\{closure}(Object(Illuminate\Http\Request))
#22 C:\wamp64\www\tuto-laravel\app\Http\Middleware\VerifyCsrfToken.php(17): Illuminate\Foundation\Http\Middleware\VerifyCsrfToken->handle(Object(Illuminate\Http\Request), Object(Closure))
#23 C:\wamp64\www\tuto-laravel\vendor\compiled.php(8944): App\Http\Middleware\VerifyCsrfToken->handle(Object(Illuminate\Http\Request), Object(Closure))
#24 C:\wamp64\www\tuto-laravel\vendor\compiled.php(12083): Illuminate\Pipeline\Pipeline->Illuminate\Pipeline\{closure}(Object(Illuminate\Http\Request))
#25 C:\wamp64\www\tuto-laravel\vendor\compiled.php(8944): Illuminate\View\Middleware\ShareErrorsFromSession->handle(Object(Illuminate\Http\Request), Object(Closure))
#26 C:\wamp64\www\tuto-laravel\vendor\compiled.php(10785): Illuminate\Pipeline\Pipeline->Illuminate\Pipeline\{closure}(Object(Illuminate\Http\Request))
#27 C:\wamp64\www\tuto-laravel\vendor\compiled.php(8944): Illuminate\Session\Middleware\StartSession->handle(Object(Illuminate\Http\Request), Object(Closure))
#28 C:\wamp64\www\tuto-laravel\vendor\compiled.php(11789): Illuminate\Pipeline\Pipeline->Illuminate\Pipeline\{closure}(Object(Illuminate\Http\Request))
#29 C:\wamp64\www\tuto-laravel\vendor\compiled.php(8944): Illuminate\Cookie\Middleware\AddQueuedCookiesToResponse->handle(Object(Illuminate\Http\Request), Object(Closure))
#30 C:\wamp64\www\tuto-laravel\vendor\compiled.php(11738): Illuminate\Pipeline\Pipeline->Illuminate\Pipeline\{closure}(Object(Illuminate\Http\Request))
#31 C:\wamp64\www\tuto-laravel\vendor\compiled.php(8944): Illuminate\Cookie\Middleware\EncryptCookies->handle(Object(Illuminate\Http\Request), Object(Closure))
#32 C:\wamp64\www\tuto-laravel\vendor\compiled.php(2478): Illuminate\Pipeline\Pipeline->Illuminate\Pipeline\{closure}(Object(Illuminate\Http\Request))
#33 C:\wamp64\www\tuto-laravel\vendor\compiled.php(8944): Illuminate\Foundation\Http\Middleware\CheckForMaintenanceMode->handle(Object(Illuminate\Http\Request), Object(Closure))
#34 [internal function]: Illuminate\Pipeline\Pipeline->Illuminate\Pipeline\{closure}(Object(Illuminate\Http\Request))
#35 C:\wamp64\www\tuto-laravel\vendor\compiled.php(8935): call_user_func(Object(Closure), Object(Illuminate\Http\Request))
#36 C:\wamp64\www\tuto-laravel\vendor\compiled.php(1891): Illuminate\Pipeline\Pipeline->then(Object(Closure))
#37 C:\wamp64\www\tuto-laravel\vendor\compiled.php(1880): Illuminate\Foundation\Http\Kernel->sendRequestThroughRouter(Object(Illuminate\Http\Request))
#38 C:\wamp64\www\tuto-laravel\public\index.php(53): Illuminate\Foundation\Http\Kernel->handle(Object(Illuminate\Http\Request))
#39 {main}  
[2017-04-08 15:28:51] local.ERROR: exception 'PDOException' with message 'SQLSTATE[HY000] [1045] Accès refusé pour l'utilisateur: 'homestead'@'@localhost' (mot de passe: OUI)' in C:\wamp64\www\tuto-laravel\vendor\laravel\framework\src\Illuminate\Database\Connectors\Connector.php:47
Stack trace:
#0 C:\wamp64\www\tuto-laravel\vendor\laravel\framework\src\Illuminate\Database\Connectors\Connector.php(47): PDO->__construct('mysql:host=loca...', 'homestead', 'secret', Array)
#1 C:\wamp64\www\tuto-laravel\vendor\laravel\framework\src\Illuminate\Database\Connectors\MySqlConnector.php(20): Illuminate\Database\Connectors\Connector->createConnection('mysql:host=loca...', Array, Array)
#2 C:\wamp64\www\tuto-laravel\vendor\compiled.php(10673): Illuminate\Database\Connectors\MySqlConnector->connect(Array)
#3 C:\wamp64\www\tuto-laravel\vendor\compiled.php(10669): Illuminate\Database\Connectors\ConnectionFactory->createSingleConnection(Array)
#4 C:\wamp64\www\tuto-laravel\vendor\compiled.php(10587): Illuminate\Database\Connectors\ConnectionFactory->make(Array, 'mysql')
#5 C:\wamp64\www\tuto-laravel\vendor\compiled.php(10542): Illuminate\Database\DatabaseManager->makeConnection('mysql')
#6 C:\wamp64\www\tuto-laravel\vendor\laravel\framework\src\Illuminate\Auth\Passwords\PasswordResetServiceProvider.php(63): Illuminate\Database\DatabaseManager->connection()
#7 C:\wamp64\www\tuto-laravel\vendor\compiled.php(1027): Illuminate\Auth\Passwords\PasswordResetServiceProvider->Illuminate\Auth\Passwords\{closure}(Object(Illuminate\Foundation\Application), Array)
#8 C:\wamp64\www\tuto-laravel\vendor\compiled.php(980): Illuminate\Container\Container->build(Object(Closure), Array)
#9 C:\wamp64\www\tuto-laravel\vendor\compiled.php(1493): Illuminate\Container\Container->make('auth.password.t...', Array)
#10 C:\wamp64\www\tuto-laravel\vendor\compiled.php(1213): Illuminate\Foundation\Application->make('auth.password.t...')
#11 C:\wamp64\www\tuto-laravel\vendor\laravel\framework\src\Illuminate\Auth\Passwords\PasswordResetServiceProvider.php(39): Illuminate\Container\Container->offsetGet('auth.password.t...')
#12 C:\wamp64\www\tuto-laravel\vendor\compiled.php(1027): Illuminate\Auth\Passwords\PasswordResetServiceProvider->Illuminate\Auth\Passwords\{closure}(Object(Illuminate\Foundation\Application), Array)
#13 C:\wamp64\www\tuto-laravel\vendor\compiled.php(980): Illuminate\Container\Container->build(Object(Closure), Array)
#14 C:\wamp64\www\tuto-laravel\vendor\compiled.php(1493): Illuminate\Container\Container->make('auth.password', Array)
#15 C:\wamp64\www\tuto-laravel\vendor\compiled.php(1072): Illuminate\Foundation\Application->make('Illuminate\\Cont...')
#16 C:\wamp64\www\tuto-laravel\vendor\compiled.php(1056): Illuminate\Container\Container->resolveClass(Object(ReflectionParameter))
#17 C:\wamp64\www\tuto-laravel\vendor\compiled.php(1042): Illuminate\Container\Container->getDependencies(Array, Array)
#18 C:\wamp64\www\tuto-laravel\vendor\compiled.php(980): Illuminate\Container\Container->build('App\\Http\\Contro...', Array)
#19 C:\wamp64\www\tuto-laravel\vendor\compiled.php(1493): Illuminate\Container\Container->make('App\\Http\\Contro...', Array)
#20 C:\wamp64\www\tuto-laravel\vendor\laravel\framework\src\Illuminate\Foundation\Console\RouteListCommand.php(158): Illuminate\Foundation\Application->make('App\\Http\\Contro...')
#21 C:\wamp64\www\tuto-laravel\vendor\laravel\framework\src\Illuminate\Foundation\Console\RouteListCommand.php(141): Illuminate\Foundation\Console\RouteListCommand->getControllerMiddleware('App\\Http\\Contro...')
#22 C:\wamp64\www\tuto-laravel\vendor\laravel\framework\src\Illuminate\Foundation\Console\RouteListCommand.php(108): Illuminate\Foundation\Console\RouteListCommand->getMiddleware(Object(Illuminate\Routing\Route))
#23 C:\wamp64\www\tuto-laravel\vendor\laravel\framework\src\Illuminate\Foundation\Console\RouteListCommand.php(88): Illuminate\Foundation\Console\RouteListCommand->getRouteInformation(Object(Illuminate\Routing\Route))
#24 C:\wamp64\www\tuto-laravel\vendor\laravel\framework\src\Illuminate\Foundation\Console\RouteListCommand.php(74): Illuminate\Foundation\Console\RouteListCommand->getRoutes()
#25 [internal function]: Illuminate\Foundation\Console\RouteListCommand->fire()
#26 C:\wamp64\www\tuto-laravel\vendor\compiled.php(925): call_user_func_array(Array, Array)
#27 C:\wamp64\www\tuto-laravel\vendor\laravel\framework\src\Illuminate\Console\Command.php(115): Illuminate\Container\Container->call(Array)
#28 C:\wamp64\www\tuto-laravel\vendor\symfony\console\Symfony\Component\Console\Command\Command.php(253): Illuminate\Console\Command->execute(Object(Symfony\Component\Console\Input\ArgvInput), Object(Symfony\Component\Console\Output\ConsoleOutput))
#29 C:\wamp64\www\tuto-laravel\vendor\laravel\framework\src\Illuminate\Console\Command.php(101): Symfony\Component\Console\Command\Command->run(Object(Symfony\Component\Console\Input\ArgvInput), Object(Symfony\Component\Console\Output\ConsoleOutput))
#30 C:\wamp64\www\tuto-laravel\vendor\symfony\console\Symfony\Component\Console\Application.php(874): Illuminate\Console\Command->run(Object(Symfony\Component\Console\Input\ArgvInput), Object(Symfony\Component\Console\Output\ConsoleOutput))
#31 C:\wamp64\www\tuto-laravel\vendor\symfony\console\Symfony\Component\Console\Application.php(195): Symfony\Component\Console\Application->doRunCommand(Object(Illuminate\Foundation\Console\RouteListCommand), Object(Symfony\Component\Console\Input\ArgvInput), Object(Symfony\Component\Console\Output\ConsoleOutput))
#32 C:\wamp64\www\tuto-laravel\vendor\symfony\console\Symfony\Component\Console\Application.php(126): Symfony\Component\Console\Application->doRun(Object(Symfony\Component\Console\Input\ArgvInput), Object(Symfony\Component\Console\Output\ConsoleOutput))
#33 C:\wamp64\www\tuto-laravel\vendor\laravel\framework\src\Illuminate\Foundation\Console\Kernel.php(90): Symfony\Component\Console\Application->run(Object(Symfony\Component\Console\Input\ArgvInput), Object(Symfony\Component\Console\Output\ConsoleOutput))
#34 C:\wamp64\www\tuto-laravel\artisan(36): Illuminate\Foundation\Console\Kernel->handle(Object(Symfony\Component\Console\Input\ArgvInput), Object(Symfony\Component\Console\Output\ConsoleOutput))
#35 {main}  
[2017-04-08 16:12:41] local.ERROR: exception 'InvalidArgumentException' with message 'View [pages.about] not found.' in C:\wamp64\www\tuto-laravel\vendor\compiled.php:12898
Stack trace:
#0 C:\wamp64\www\tuto-laravel\vendor\compiled.php(12871): Illuminate\View\FileViewFinder->findInPaths('pages.about', Array)
#1 C:\wamp64\www\tuto-laravel\vendor\compiled.php(12996): Illuminate\View\FileViewFinder->find('pages.about')
#2 C:\wamp64\www\tuto-laravel\vendor\laravel\framework\src\Illuminate\Foundation\helpers.php(565): Illuminate\View\Factory->make('pages/about', Array, Array)
#3 C:\wamp64\www\tuto-laravel\app\Http\Controllers\PagesController.php(12): view('pages/about')
#4 [internal function]: App\Http\Controllers\PagesController->about()
#5 C:\wamp64\www\tuto-laravel\vendor\compiled.php(8287): call_user_func_array(Array, Array)
#6 C:\wamp64\www\tuto-laravel\vendor\compiled.php(8354): Illuminate\Routing\Controller->callAction('about', Array)
#7 C:\wamp64\www\tuto-laravel\vendor\compiled.php(8333): Illuminate\Routing\ControllerDispatcher->call(Object(App\Http\Controllers\PagesController), Object(Illuminate\Routing\Route), 'about')
#8 [internal function]: Illuminate\Routing\ControllerDispatcher->Illuminate\Routing\{closure}(Object(Illuminate\Http\Request))
#9 C:\wamp64\www\tuto-laravel\vendor\compiled.php(8952): call_user_func(Object(Closure), Object(Illuminate\Http\Request))
#10 [internal function]: Illuminate\Pipeline\Pipeline->Illuminate\Pipeline\{closure}(Object(Illuminate\Http\Request))
#11 C:\wamp64\www\tuto-laravel\vendor\compiled.php(8935): call_user_func(Object(Closure), Object(Illuminate\Http\Request))
#12 C:\wamp64\www\tuto-laravel\vendor\compiled.php(8334): Illuminate\Pipeline\Pipeline->then(Object(Closure))
#13 C:\wamp64\www\tuto-laravel\vendor\compiled.php(8320): Illuminate\Routing\ControllerDispatcher->callWithinStack(Object(App\Http\Controllers\PagesController), Object(Illuminate\Routing\Route), Object(Illuminate\Http\Request), 'about')
#14 C:\wamp64\www\tuto-laravel\vendor\compiled.php(7317): Illuminate\Routing\ControllerDispatcher->dispatch(Object(Illuminate\Routing\Route), Object(Illuminate\Http\Request), 'App\\Http\\Contro...', 'about')
#15 C:\wamp64\www\tuto-laravel\vendor\compiled.php(7288): Illuminate\Routing\Route->runWithCustomDispatcher(Object(Illuminate\Http\Request))
#16 C:\wamp64\www\tuto-laravel\vendor\compiled.php(6954): Illuminate\Routing\Route->run(Object(Illuminate\Http\Request))
#17 [internal function]: Illuminate\Routing\Router->Illuminate\Routing\{closure}(Object(Illuminate\Http\Request))
#18 C:\wamp64\www\tuto-laravel\vendor\compiled.php(8952): call_user_func(Object(Closure), Object(Illuminate\Http\Request))
#19 [internal function]: Illuminate\Pipeline\Pipeline->Illuminate\Pipeline\{closure}(Object(Illuminate\Http\Request))
#20 C:\wamp64\www\tuto-laravel\vendor\compiled.php(8935): call_user_func(Object(Closure), Object(Illuminate\Http\Request))
#21 C:\wamp64\www\tuto-laravel\vendor\compiled.php(6955): Illuminate\Pipeline\Pipeline->then(Object(Closure))
#22 C:\wamp64\www\tuto-laravel\vendor\compiled.php(6944): Illuminate\Routing\Router->runRouteWithinStack(Object(Illuminate\Routing\Route), Object(Illuminate\Http\Request))
#23 C:\wamp64\www\tuto-laravel\vendor\compiled.php(6929): Illuminate\Routing\Router->dispatchToRoute(Object(Illuminate\Http\Request))
#24 C:\wamp64\www\tuto-laravel\vendor\compiled.php(1935): Illuminate\Routing\Router->dispatch(Object(Illuminate\Http\Request))
#25 [internal function]: Illuminate\Foundation\Http\Kernel->Illuminate\Foundation\Http\{closure}(Object(Illuminate\Http\Request))
#26 C:\wamp64\www\tuto-laravel\vendor\compiled.php(8952): call_user_func(Object(Closure), Object(Illuminate\Http\Request))
#27 C:\wamp64\www\tuto-laravel\vendor\compiled.php(2438): Illuminate\Pipeline\Pipeline->Illuminate\Pipeline\{closure}(Object(Illuminate\Http\Request))
#28 C:\wamp64\www\tuto-laravel\app\Http\Middleware\VerifyCsrfToken.php(17): Illuminate\Foundation\Http\Middleware\VerifyCsrfToken->handle(Object(Illuminate\Http\Request), Object(Closure))
#29 C:\wamp64\www\tuto-laravel\vendor\compiled.php(8944): App\Http\Middleware\VerifyCsrfToken->handle(Object(Illuminate\Http\Request), Object(Closure))
#30 C:\wamp64\www\tuto-laravel\vendor\compiled.php(12083): Illuminate\Pipeline\Pipeline->Illuminate\Pipeline\{closure}(Object(Illuminate\Http\Request))
#31 C:\wamp64\www\tuto-laravel\vendor\compiled.php(8944): Illuminate\View\Middleware\ShareErrorsFromSession->handle(Object(Illuminate\Http\Request), Object(Closure))
#32 C:\wamp64\www\tuto-laravel\vendor\compiled.php(10785): Illuminate\Pipeline\Pipeline->Illuminate\Pipeline\{closure}(Object(Illuminate\Http\Request))
#33 C:\wamp64\www\tuto-laravel\vendor\compiled.php(8944): Illuminate\Session\Middleware\StartSession->handle(Object(Illuminate\Http\Request), Object(Closure))
#34 C:\wamp64\www\tuto-laravel\vendor\compiled.php(11789): Illuminate\Pipeline\Pipeline->Illuminate\Pipeline\{closure}(Object(Illuminate\Http\Request))
#35 C:\wamp64\www\tuto-laravel\vendor\compiled.php(8944): Illuminate\Cookie\Middleware\AddQueuedCookiesToResponse->handle(Object(Illuminate\Http\Request), Object(Closure))
#36 C:\wamp64\www\tuto-laravel\vendor\compiled.php(11738): Illuminate\Pipeline\Pipeline->Illuminate\Pipeline\{closure}(Object(Illuminate\Http\Request))
#37 C:\wamp64\www\tuto-laravel\vendor\compiled.php(8944): Illuminate\Cookie\Middleware\EncryptCookies->handle(Object(Illuminate\Http\Request), Object(Closure))
#38 C:\wamp64\www\tuto-laravel\vendor\compiled.php(2478): Illuminate\Pipeline\Pipeline->Illuminate\Pipeline\{closure}(Object(Illuminate\Http\Request))
#39 C:\wamp64\www\tuto-laravel\vendor\compiled.php(8944): Illuminate\Foundation\Http\Middleware\CheckForMaintenanceMode->handle(Object(Illuminate\Http\Request), Object(Closure))
#40 [internal function]: Illuminate\Pipeline\Pipeline->Illuminate\Pipeline\{closure}(Object(Illuminate\Http\Request))
#41 C:\wamp64\www\tuto-laravel\vendor\compiled.php(8935): call_user_func(Object(Closure), Object(Illuminate\Http\Request))
#42 C:\wamp64\www\tuto-laravel\vendor\compiled.php(1891): Illuminate\Pipeline\Pipeline->then(Object(Closure))
#43 C:\wamp64\www\tuto-laravel\vendor\compiled.php(1880): Illuminate\Foundation\Http\Kernel->sendRequestThroughRouter(Object(Illuminate\Http\Request))
#44 C:\wamp64\www\tuto-laravel\public\index.php(53): Illuminate\Foundation\Http\Kernel->handle(Object(Illuminate\Http\Request))
#45 {main}  
[2017-04-08 16:42:25] local.ERROR: exception 'InvalidArgumentException' with message 'View [defaault] not found.' in C:\wamp64\www\tuto-laravel\vendor\compiled.php:12898
Stack trace:
#0 C:\wamp64\www\tuto-laravel\vendor\compiled.php(12871): Illuminate\View\FileViewFinder->findInPaths('defaault', Array)
#1 C:\wamp64\www\tuto-laravel\vendor\compiled.php(12996): Illuminate\View\FileViewFinder->find('defaault')
#2 C:\wamp64\www\tuto-laravel\storage\framework\views\02a7df85312587cff81674069934fa5b(8): Illuminate\View\Factory->make('defaault', Array)
#3 C:\wamp64\www\tuto-laravel\vendor\compiled.php(13650): include('C:\\wamp64\\www\\t...')
#4 C:\wamp64\www\tuto-laravel\vendor\compiled.php(13683): Illuminate\View\Engines\PhpEngine->evaluatePath('C:\\wamp64\\www\\t...', Array)
#5 C:\wamp64\www\tuto-laravel\vendor\compiled.php(13523): Illuminate\View\Engines\CompilerEngine->get('C:\\wamp64\\www\\t...', Array)
#6 C:\wamp64\www\tuto-laravel\vendor\compiled.php(13510): Illuminate\View\View->getContents()
#7 C:\wamp64\www\tuto-laravel\vendor\compiled.php(13501): Illuminate\View\View->renderContents()
#8 C:\wamp64\www\tuto-laravel\vendor\compiled.php(14597): Illuminate\View\View->render()
#9 C:\wamp64\www\tuto-laravel\vendor\compiled.php(14126): Illuminate\Http\Response->setContent(Object(Illuminate\View\View))
#10 C:\wamp64\www\tuto-laravel\vendor\compiled.php(7154): Symfony\Component\HttpFoundation\Response->__construct(Object(Illuminate\View\View))
#11 C:\wamp64\www\tuto-laravel\vendor\compiled.php(6954): Illuminate\Routing\Router->prepareResponse(Object(Illuminate\Http\Request), Object(Illuminate\View\View))
#12 [internal function]: Illuminate\Routing\Router->Illuminate\Routing\{closure}(Object(Illuminate\Http\Request))
#13 C:\wamp64\www\tuto-laravel\vendor\compiled.php(8952): call_user_func(Object(Closure), Object(Illuminate\Http\Request))
#14 [internal function]: Illuminate\Pipeline\Pipeline->Illuminate\Pipeline\{closure}(Object(Illuminate\Http\Request))
#15 C:\wamp64\www\tuto-laravel\vendor\compiled.php(8935): call_user_func(Object(Closure), Object(Illuminate\Http\Request))
#16 C:\wamp64\www\tuto-laravel\vendor\compiled.php(6955): Illuminate\Pipeline\Pipeline->then(Object(Closure))
#17 C:\wamp64\www\tuto-laravel\vendor\compiled.php(6944): Illuminate\Routing\Router->runRouteWithinStack(Object(Illuminate\Routing\Route), Object(Illuminate\Http\Request))
#18 C:\wamp64\www\tuto-laravel\vendor\compiled.php(6929): Illuminate\Routing\Router->dispatchToRoute(Object(Illuminate\Http\Request))
#19 C:\wamp64\www\tuto-laravel\vendor\compiled.php(1935): Illuminate\Routing\Router->dispatch(Object(Illuminate\Http\Request))
#20 [internal function]: Illuminate\Foundation\Http\Kernel->Illuminate\Foundation\Http\{closure}(Object(Illuminate\Http\Request))
#21 C:\wamp64\www\tuto-laravel\vendor\compiled.php(8952): call_user_func(Object(Closure), Object(Illuminate\Http\Request))
#22 C:\wamp64\www\tuto-laravel\vendor\compiled.php(2438): Illuminate\Pipeline\Pipeline->Illuminate\Pipeline\{closure}(Object(Illuminate\Http\Request))
#23 C:\wamp64\www\tuto-laravel\app\Http\Middleware\VerifyCsrfToken.php(17): Illuminate\Foundation\Http\Middleware\VerifyCsrfToken->handle(Object(Illuminate\Http\Request), Object(Closure))
#24 C:\wamp64\www\tuto-laravel\vendor\compiled.php(8944): App\Http\Middleware\VerifyCsrfToken->handle(Object(Illuminate\Http\Request), Object(Closure))
#25 C:\wamp64\www\tuto-laravel\vendor\compiled.php(12083): Illuminate\Pipeline\Pipeline->Illuminate\Pipeline\{closure}(Object(Illuminate\Http\Request))
#26 C:\wamp64\www\tuto-laravel\vendor\compiled.php(8944): Illuminate\View\Middleware\ShareErrorsFromSession->handle(Object(Illuminate\Http\Request), Object(Closure))
#27 C:\wamp64\www\tuto-laravel\vendor\compiled.php(10785): Illuminate\Pipeline\Pipeline->Illuminate\Pipeline\{closure}(Object(Illuminate\Http\Request))
#28 C:\wamp64\www\tuto-laravel\vendor\compiled.php(8944): Illuminate\Session\Middleware\StartSession->handle(Object(Illuminate\Http\Request), Object(Closure))
#29 C:\wamp64\www\tuto-laravel\vendor\compiled.php(11789): Illuminate\Pipeline\Pipeline->Illuminate\Pipeline\{closure}(Object(Illuminate\Http\Request))
#30 C:\wamp64\www\tuto-laravel\vendor\compiled.php(8944): Illuminate\Cookie\Middleware\AddQueuedCookiesToResponse->handle(Object(Illuminate\Http\Request), Object(Closure))
#31 C:\wamp64\www\tuto-laravel\vendor\compiled.php(11738): Illuminate\Pipeline\Pipeline->Illuminate\Pipeline\{closure}(Object(Illuminate\Http\Request))
#32 C:\wamp64\www\tuto-laravel\vendor\compiled.php(8944): Illuminate\Cookie\Middleware\EncryptCookies->handle(Object(Illuminate\Http\Request), Object(Closure))
#33 C:\wamp64\www\tuto-laravel\vendor\compiled.php(2478): Illuminate\Pipeline\Pipeline->Illuminate\Pipeline\{closure}(Object(Illuminate\Http\Request))
#34 C:\wamp64\www\tuto-laravel\vendor\compiled.php(8944): Illuminate\Foundation\Http\Middleware\CheckForMaintenanceMode->handle(Object(Illuminate\Http\Request), Object(Closure))
#35 [internal function]: Illuminate\Pipeline\Pipeline->Illuminate\Pipeline\{closure}(Object(Illuminate\Http\Request))
#36 C:\wamp64\www\tuto-laravel\vendor\compiled.php(8935): call_user_func(Object(Closure), Object(Illuminate\Http\Request))
#37 C:\wamp64\www\tuto-laravel\vendor\compiled.php(1891): Illuminate\Pipeline\Pipeline->then(Object(Closure))
#38 C:\wamp64\www\tuto-laravel\vendor\compiled.php(1880): Illuminate\Foundation\Http\Kernel->sendRequestThroughRouter(Object(Illuminate\Http\Request))
#39 C:\wamp64\www\tuto-laravel\public\index.php(53): Illuminate\Foundation\Http\Kernel->handle(Object(Illuminate\Http\Request))
#40 {main}

Next exception 'ErrorException' with message 'View [defaault] not found. (View: C:\wamp64\www\tuto-laravel\resources\views\pages\about.blade.php)' in C:\wamp64\www\tuto-laravel\vendor\compiled.php:12898
Stack trace:
#0 C:\wamp64\www\tuto-laravel\vendor\compiled.php(13652): Illuminate\View\Engines\CompilerEngine->handleViewException(Object(InvalidArgumentException), 1)
#1 C:\wamp64\www\tuto-laravel\vendor\compiled.php(13683): Illuminate\View\Engines\PhpEngine->evaluatePath('C:\\wamp64\\www\\t...', Array)
#2 C:\wamp64\www\tuto-laravel\vendor\compiled.php(13523): Illuminate\View\Engines\CompilerEngine->get('C:\\wamp64\\www\\t...', Array)
#3 C:\wamp64\www\tuto-laravel\vendor\compiled.php(13510): Illuminate\View\View->getContents()
#4 C:\wamp64\www\tuto-laravel\vendor\compiled.php(13501): Illuminate\View\View->renderContents()
#5 C:\wamp64\www\tuto-laravel\vendor\compiled.php(14597): Illuminate\View\View->render()
#6 C:\wamp64\www\tuto-laravel\vendor\compiled.php(14126): Illuminate\Http\Response->setContent(Object(Illuminate\View\View))
#7 C:\wamp64\www\tuto-laravel\vendor\compiled.php(7154): Symfony\Component\HttpFoundation\Response->__construct(Object(Illuminate\View\View))
#8 C:\wamp64\www\tuto-laravel\vendor\compiled.php(6954): Illuminate\Routing\Router->prepareResponse(Object(Illuminate\Http\Request), Object(Illuminate\View\View))
#9 [internal function]: Illuminate\Routing\Router->Illuminate\Routing\{closure}(Object(Illuminate\Http\Request))
#10 C:\wamp64\www\tuto-laravel\vendor\compiled.php(8952): call_user_func(Object(Closure), Object(Illuminate\Http\Request))
#11 [internal function]: Illuminate\Pipeline\Pipeline->Illuminate\Pipeline\{closure}(Object(Illuminate\Http\Request))
#12 C:\wamp64\www\tuto-laravel\vendor\compiled.php(8935): call_user_func(Object(Closure), Object(Illuminate\Http\Request))
#13 C:\wamp64\www\tuto-laravel\vendor\compiled.php(6955): Illuminate\Pipeline\Pipeline->then(Object(Closure))
#14 C:\wamp64\www\tuto-laravel\vendor\compiled.php(6944): Illuminate\Routing\Router->runRouteWithinStack(Object(Illuminate\Routing\Route), Object(Illuminate\Http\Request))
#15 C:\wamp64\www\tuto-laravel\vendor\compiled.php(6929): Illuminate\Routing\Router->dispatchToRoute(Object(Illuminate\Http\Request))
#16 C:\wamp64\www\tuto-laravel\vendor\compiled.php(1935): Illuminate\Routing\Router->dispatch(Object(Illuminate\Http\Request))
#17 [internal function]: Illuminate\Foundation\Http\Kernel->Illuminate\Foundation\Http\{closure}(Object(Illuminate\Http\Request))
#18 C:\wamp64\www\tuto-laravel\vendor\compiled.php(8952): call_user_func(Object(Closure), Object(Illuminate\Http\Request))
#19 C:\wamp64\www\tuto-laravel\vendor\compiled.php(2438): Illuminate\Pipeline\Pipeline->Illuminate\Pipeline\{closure}(Object(Illuminate\Http\Request))
#20 C:\wamp64\www\tuto-laravel\app\Http\Middleware\VerifyCsrfToken.php(17): Illuminate\Foundation\Http\Middleware\VerifyCsrfToken->handle(Object(Illuminate\Http\Request), Object(Closure))
#21 C:\wamp64\www\tuto-laravel\vendor\compiled.php(8944): App\Http\Middleware\VerifyCsrfToken->handle(Object(Illuminate\Http\Request), Object(Closure))
#22 C:\wamp64\www\tuto-laravel\vendor\compiled.php(12083): Illuminate\Pipeline\Pipeline->Illuminate\Pipeline\{closure}(Object(Illuminate\Http\Request))
#23 C:\wamp64\www\tuto-laravel\vendor\compiled.php(8944): Illuminate\View\Middleware\ShareErrorsFromSession->handle(Object(Illuminate\Http\Request), Object(Closure))
#24 C:\wamp64\www\tuto-laravel\vendor\compiled.php(10785): Illuminate\Pipeline\Pipeline->Illuminate\Pipeline\{closure}(Object(Illuminate\Http\Request))
#25 C:\wamp64\www\tuto-laravel\vendor\compiled.php(8944): Illuminate\Session\Middleware\StartSession->handle(Object(Illuminate\Http\Request), Object(Closure))
#26 C:\wamp64\www\tuto-laravel\vendor\compiled.php(11789): Illuminate\Pipeline\Pipeline->Illuminate\Pipeline\{closure}(Object(Illuminate\Http\Request))
#27 C:\wamp64\www\tuto-laravel\vendor\compiled.php(8944): Illuminate\Cookie\Middleware\AddQueuedCookiesToResponse->handle(Object(Illuminate\Http\Request), Object(Closure))
#28 C:\wamp64\www\tuto-laravel\vendor\compiled.php(11738): Illuminate\Pipeline\Pipeline->Illuminate\Pipeline\{closure}(Object(Illuminate\Http\Request))
#29 C:\wamp64\www\tuto-laravel\vendor\compiled.php(8944): Illuminate\Cookie\Middleware\EncryptCookies->handle(Object(Illuminate\Http\Request), Object(Closure))
#30 C:\wamp64\www\tuto-laravel\vendor\compiled.php(2478): Illuminate\Pipeline\Pipeline->Illuminate\Pipeline\{closure}(Object(Illuminate\Http\Request))
#31 C:\wamp64\www\tuto-laravel\vendor\compiled.php(8944): Illuminate\Foundation\Http\Middleware\CheckForMaintenanceMode->handle(Object(Illuminate\Http\Request), Object(Closure))
#32 [internal function]: Illuminate\Pipeline\Pipeline->Illuminate\Pipeline\{closure}(Object(Illuminate\Http\Request))
#33 C:\wamp64\www\tuto-laravel\vendor\compiled.php(8935): call_user_func(Object(Closure), Object(Illuminate\Http\Request))
#34 C:\wamp64\www\tuto-laravel\vendor\compiled.php(1891): Illuminate\Pipeline\Pipeline->then(Object(Closure))
#35 C:\wamp64\www\tuto-laravel\vendor\compiled.php(1880): Illuminate\Foundation\Http\Kernel->sendRequestThroughRouter(Object(Illuminate\Http\Request))
#36 C:\wamp64\www\tuto-laravel\public\index.php(53): Illuminate\Foundation\Http\Kernel->handle(Object(Illuminate\Http\Request))
#37 {main}  
[2017-04-08 16:47:55] local.ERROR: exception 'InvalidArgumentException' with message 'View [defaault] not found.' in C:\wamp64\www\tuto-laravel\vendor\compiled.php:12898
Stack trace:
#0 C:\wamp64\www\tuto-laravel\vendor\compiled.php(12871): Illuminate\View\FileViewFinder->findInPaths('defaault', Array)
#1 C:\wamp64\www\tuto-laravel\vendor\compiled.php(12996): Illuminate\View\FileViewFinder->find('defaault')
#2 C:\wamp64\www\tuto-laravel\storage\framework\views\02a7df85312587cff81674069934fa5b(8): Illuminate\View\Factory->make('defaault', Array)
#3 C:\wamp64\www\tuto-laravel\vendor\compiled.php(13650): include('C:\\wamp64\\www\\t...')
#4 C:\wamp64\www\tuto-laravel\vendor\compiled.php(13683): Illuminate\View\Engines\PhpEngine->evaluatePath('C:\\wamp64\\www\\t...', Array)
#5 C:\wamp64\www\tuto-laravel\vendor\compiled.php(13523): Illuminate\View\Engines\CompilerEngine->get('C:\\wamp64\\www\\t...', Array)
#6 C:\wamp64\www\tuto-laravel\vendor\compiled.php(13510): Illuminate\View\View->getContents()
#7 C:\wamp64\www\tuto-laravel\vendor\compiled.php(13501): Illuminate\View\View->renderContents()
#8 C:\wamp64\www\tuto-laravel\vendor\compiled.php(14597): Illuminate\View\View->render()
#9 C:\wamp64\www\tuto-laravel\vendor\compiled.php(14126): Illuminate\Http\Response->setContent(Object(Illuminate\View\View))
#10 C:\wamp64\www\tuto-laravel\vendor\compiled.php(7154): Symfony\Component\HttpFoundation\Response->__construct(Object(Illuminate\View\View))
#11 C:\wamp64\www\tuto-laravel\vendor\compiled.php(6954): Illuminate\Routing\Router->prepareResponse(Object(Illuminate\Http\Request), Object(Illuminate\View\View))
#12 [internal function]: Illuminate\Routing\Router->Illuminate\Routing\{closure}(Object(Illuminate\Http\Request))
#13 C:\wamp64\www\tuto-laravel\vendor\compiled.php(8952): call_user_func(Object(Closure), Object(Illuminate\Http\Request))
#14 [internal function]: Illuminate\Pipeline\Pipeline->Illuminate\Pipeline\{closure}(Object(Illuminate\Http\Request))
#15 C:\wamp64\www\tuto-laravel\vendor\compiled.php(8935): call_user_func(Object(Closure), Object(Illuminate\Http\Request))
#16 C:\wamp64\www\tuto-laravel\vendor\compiled.php(6955): Illuminate\Pipeline\Pipeline->then(Object(Closure))
#17 C:\wamp64\www\tuto-laravel\vendor\compiled.php(6944): Illuminate\Routing\Router->runRouteWithinStack(Object(Illuminate\Routing\Route), Object(Illuminate\Http\Request))
#18 C:\wamp64\www\tuto-laravel\vendor\compiled.php(6929): Illuminate\Routing\Router->dispatchToRoute(Object(Illuminate\Http\Request))
#19 C:\wamp64\www\tuto-laravel\vendor\compiled.php(1935): Illuminate\Routing\Router->dispatch(Object(Illuminate\Http\Request))
#20 [internal function]: Illuminate\Foundation\Http\Kernel->Illuminate\Foundation\Http\{closure}(Object(Illuminate\Http\Request))
#21 C:\wamp64\www\tuto-laravel\vendor\compiled.php(8952): call_user_func(Object(Closure), Object(Illuminate\Http\Request))
#22 C:\wamp64\www\tuto-laravel\vendor\compiled.php(2438): Illuminate\Pipeline\Pipeline->Illuminate\Pipeline\{closure}(Object(Illuminate\Http\Request))
#23 C:\wamp64\www\tuto-laravel\app\Http\Middleware\VerifyCsrfToken.php(17): Illuminate\Foundation\Http\Middleware\VerifyCsrfToken->handle(Object(Illuminate\Http\Request), Object(Closure))
#24 C:\wamp64\www\tuto-laravel\vendor\compiled.php(8944): App\Http\Middleware\VerifyCsrfToken->handle(Object(Illuminate\Http\Request), Object(Closure))
#25 C:\wamp64\www\tuto-laravel\vendor\compiled.php(12083): Illuminate\Pipeline\Pipeline->Illuminate\Pipeline\{closure}(Object(Illuminate\Http\Request))
#26 C:\wamp64\www\tuto-laravel\vendor\compiled.php(8944): Illuminate\View\Middleware\ShareErrorsFromSession->handle(Object(Illuminate\Http\Request), Object(Closure))
#27 C:\wamp64\www\tuto-laravel\vendor\compiled.php(10785): Illuminate\Pipeline\Pipeline->Illuminate\Pipeline\{closure}(Object(Illuminate\Http\Request))
#28 C:\wamp64\www\tuto-laravel\vendor\compiled.php(8944): Illuminate\Session\Middleware\StartSession->handle(Object(Illuminate\Http\Request), Object(Closure))
#29 C:\wamp64\www\tuto-laravel\vendor\compiled.php(11789): Illuminate\Pipeline\Pipeline->Illuminate\Pipeline\{closure}(Object(Illuminate\Http\Request))
#30 C:\wamp64\www\tuto-laravel\vendor\compiled.php(8944): Illuminate\Cookie\Middleware\AddQueuedCookiesToResponse->handle(Object(Illuminate\Http\Request), Object(Closure))
#31 C:\wamp64\www\tuto-laravel\vendor\compiled.php(11738): Illuminate\Pipeline\Pipeline->Illuminate\Pipeline\{closure}(Object(Illuminate\Http\Request))
#32 C:\wamp64\www\tuto-laravel\vendor\compiled.php(8944): Illuminate\Cookie\Middleware\EncryptCookies->handle(Object(Illuminate\Http\Request), Object(Closure))
#33 C:\wamp64\www\tuto-laravel\vendor\compiled.php(2478): Illuminate\Pipeline\Pipeline->Illuminate\Pipeline\{closure}(Object(Illuminate\Http\Request))
#34 C:\wamp64\www\tuto-laravel\vendor\compiled.php(8944): Illuminate\Foundation\Http\Middleware\CheckForMaintenanceMode->handle(Object(Illuminate\Http\Request), Object(Closure))
#35 [internal function]: Illuminate\Pipeline\Pipeline->Illuminate\Pipeline\{closure}(Object(Illuminate\Http\Request))
#36 C:\wamp64\www\tuto-laravel\vendor\compiled.php(8935): call_user_func(Object(Closure), Object(Illuminate\Http\Request))
#37 C:\wamp64\www\tuto-laravel\vendor\compiled.php(1891): Illuminate\Pipeline\Pipeline->then(Object(Closure))
#38 C:\wamp64\www\tuto-laravel\vendor\compiled.php(1880): Illuminate\Foundation\Http\Kernel->sendRequestThroughRouter(Object(Illuminate\Http\Request))
#39 C:\wamp64\www\tuto-laravel\public\index.php(53): Illuminate\Foundation\Http\Kernel->handle(Object(Illuminate\Http\Request))
#40 {main}

Next exception 'ErrorException' with message 'View [defaault] not found. (View: C:\wamp64\www\tuto-laravel\resources\views\pages\about.blade.php)' in C:\wamp64\www\tuto-laravel\vendor\compiled.php:12898
Stack trace:
#0 C:\wamp64\www\tuto-laravel\vendor\compiled.php(13652): Illuminate\View\Engines\CompilerEngine->handleViewException(Object(InvalidArgumentException), 1)
#1 C:\wamp64\www\tuto-laravel\vendor\compiled.php(13683): Illuminate\View\Engines\PhpEngine->evaluatePath('C:\\wamp64\\www\\t...', Array)
#2 C:\wamp64\www\tuto-laravel\vendor\compiled.php(13523): Illuminate\View\Engines\CompilerEngine->get('C:\\wamp64\\www\\t...', Array)
#3 C:\wamp64\www\tuto-laravel\vendor\compiled.php(13510): Illuminate\View\View->getContents()
#4 C:\wamp64\www\tuto-laravel\vendor\compiled.php(13501): Illuminate\View\View->renderContents()
#5 C:\wamp64\www\tuto-laravel\vendor\compiled.php(14597): Illuminate\View\View->render()
#6 C:\wamp64\www\tuto-laravel\vendor\compiled.php(14126): Illuminate\Http\Response->setContent(Object(Illuminate\View\View))
#7 C:\wamp64\www\tuto-laravel\vendor\compiled.php(7154): Symfony\Component\HttpFoundation\Response->__construct(Object(Illuminate\View\View))
#8 C:\wamp64\www\tuto-laravel\vendor\compiled.php(6954): Illuminate\Routing\Router->prepareResponse(Object(Illuminate\Http\Request), Object(Illuminate\View\View))
#9 [internal function]: Illuminate\Routing\Router->Illuminate\Routing\{closure}(Object(Illuminate\Http\Request))
#10 C:\wamp64\www\tuto-laravel\vendor\compiled.php(8952): call_user_func(Object(Closure), Object(Illuminate\Http\Request))
#11 [internal function]: Illuminate\Pipeline\Pipeline->Illuminate\Pipeline\{closure}(Object(Illuminate\Http\Request))
#12 C:\wamp64\www\tuto-laravel\vendor\compiled.php(8935): call_user_func(Object(Closure), Object(Illuminate\Http\Request))
#13 C:\wamp64\www\tuto-laravel\vendor\compiled.php(6955): Illuminate\Pipeline\Pipeline->then(Object(Closure))
#14 C:\wamp64\www\tuto-laravel\vendor\compiled.php(6944): Illuminate\Routing\Router->runRouteWithinStack(Object(Illuminate\Routing\Route), Object(Illuminate\Http\Request))
#15 C:\wamp64\www\tuto-laravel\vendor\compiled.php(6929): Illuminate\Routing\Router->dispatchToRoute(Object(Illuminate\Http\Request))
#16 C:\wamp64\www\tuto-laravel\vendor\compiled.php(1935): Illuminate\Routing\Router->dispatch(Object(Illuminate\Http\Request))
#17 [internal function]: Illuminate\Foundation\Http\Kernel->Illuminate\Foundation\Http\{closure}(Object(Illuminate\Http\Request))
#18 C:\wamp64\www\tuto-laravel\vendor\compiled.php(8952): call_user_func(Object(Closure), Object(Illuminate\Http\Request))
#19 C:\wamp64\www\tuto-laravel\vendor\compiled.php(2438): Illuminate\Pipeline\Pipeline->Illuminate\Pipeline\{closure}(Object(Illuminate\Http\Request))
#20 C:\wamp64\www\tuto-laravel\app\Http\Middleware\VerifyCsrfToken.php(17): Illuminate\Foundation\Http\Middleware\VerifyCsrfToken->handle(Object(Illuminate\Http\Request), Object(Closure))
#21 C:\wamp64\www\tuto-laravel\vendor\compiled.php(8944): App\Http\Middleware\VerifyCsrfToken->handle(Object(Illuminate\Http\Request), Object(Closure))
#22 C:\wamp64\www\tuto-laravel\vendor\compiled.php(12083): Illuminate\Pipeline\Pipeline->Illuminate\Pipeline\{closure}(Object(Illuminate\Http\Request))
#23 C:\wamp64\www\tuto-laravel\vendor\compiled.php(8944): Illuminate\View\Middleware\ShareErrorsFromSession->handle(Object(Illuminate\Http\Request), Object(Closure))
#24 C:\wamp64\www\tuto-laravel\vendor\compiled.php(10785): Illuminate\Pipeline\Pipeline->Illuminate\Pipeline\{closure}(Object(Illuminate\Http\Request))
#25 C:\wamp64\www\tuto-laravel\vendor\compiled.php(8944): Illuminate\Session\Middleware\StartSession->handle(Object(Illuminate\Http\Request), Object(Closure))
#26 C:\wamp64\www\tuto-laravel\vendor\compiled.php(11789): Illuminate\Pipeline\Pipeline->Illuminate\Pipeline\{closure}(Object(Illuminate\Http\Request))
#27 C:\wamp64\www\tuto-laravel\vendor\compiled.php(8944): Illuminate\Cookie\Middleware\AddQueuedCookiesToResponse->handle(Object(Illuminate\Http\Request), Object(Closure))
#28 C:\wamp64\www\tuto-laravel\vendor\compiled.php(11738): Illuminate\Pipeline\Pipeline->Illuminate\Pipeline\{closure}(Object(Illuminate\Http\Request))
#29 C:\wamp64\www\tuto-laravel\vendor\compiled.php(8944): Illuminate\Cookie\Middleware\EncryptCookies->handle(Object(Illuminate\Http\Request), Object(Closure))
#30 C:\wamp64\www\tuto-laravel\vendor\compiled.php(2478): Illuminate\Pipeline\Pipeline->Illuminate\Pipeline\{closure}(Object(Illuminate\Http\Request))
#31 C:\wamp64\www\tuto-laravel\vendor\compiled.php(8944): Illuminate\Foundation\Http\Middleware\CheckForMaintenanceMode->handle(Object(Illuminate\Http\Request), Object(Closure))
#32 [internal function]: Illuminate\Pipeline\Pipeline->Illuminate\Pipeline\{closure}(Object(Illuminate\Http\Request))
#33 C:\wamp64\www\tuto-laravel\vendor\compiled.php(8935): call_user_func(Object(Closure), Object(Illuminate\Http\Request))
#34 C:\wamp64\www\tuto-laravel\vendor\compiled.php(1891): Illuminate\Pipeline\Pipeline->then(Object(Closure))
#35 C:\wamp64\www\tuto-laravel\vendor\compiled.php(1880): Illuminate\Foundation\Http\Kernel->sendRequestThroughRouter(Object(Illuminate\Http\Request))
#36 C:\wamp64\www\tuto-laravel\public\index.php(53): Illuminate\Foundation\Http\Kernel->handle(Object(Illuminate\Http\Request))
#37 {main}  
[2017-04-08 16:48:04] local.ERROR: exception 'InvalidArgumentException' with message 'View [defaault] not found.' in C:\wamp64\www\tuto-laravel\vendor\compiled.php:12898
Stack trace:
#0 C:\wamp64\www\tuto-laravel\vendor\compiled.php(12871): Illuminate\View\FileViewFinder->findInPaths('defaault', Array)
#1 C:\wamp64\www\tuto-laravel\vendor\compiled.php(12996): Illuminate\View\FileViewFinder->find('defaault')
#2 C:\wamp64\www\tuto-laravel\storage\framework\views\02a7df85312587cff81674069934fa5b(8): Illuminate\View\Factory->make('defaault', Array)
#3 C:\wamp64\www\tuto-laravel\vendor\compiled.php(13650): include('C:\\wamp64\\www\\t...')
#4 C:\wamp64\www\tuto-laravel\vendor\compiled.php(13683): Illuminate\View\Engines\PhpEngine->evaluatePath('C:\\wamp64\\www\\t...', Array)
#5 C:\wamp64\www\tuto-laravel\vendor\compiled.php(13523): Illuminate\View\Engines\CompilerEngine->get('C:\\wamp64\\www\\t...', Array)
#6 C:\wamp64\www\tuto-laravel\vendor\compiled.php(13510): Illuminate\View\View->getContents()
#7 C:\wamp64\www\tuto-laravel\vendor\compiled.php(13501): Illuminate\View\View->renderContents()
#8 C:\wamp64\www\tuto-laravel\vendor\compiled.php(14597): Illuminate\View\View->render()
#9 C:\wamp64\www\tuto-laravel\vendor\compiled.php(14126): Illuminate\Http\Response->setContent(Object(Illuminate\View\View))
#10 C:\wamp64\www\tuto-laravel\vendor\compiled.php(7154): Symfony\Component\HttpFoundation\Response->__construct(Object(Illuminate\View\View))
#11 C:\wamp64\www\tuto-laravel\vendor\compiled.php(6954): Illuminate\Routing\Router->prepareResponse(Object(Illuminate\Http\Request), Object(Illuminate\View\View))
#12 [internal function]: Illuminate\Routing\Router->Illuminate\Routing\{closure}(Object(Illuminate\Http\Request))
#13 C:\wamp64\www\tuto-laravel\vendor\compiled.php(8952): call_user_func(Object(Closure), Object(Illuminate\Http\Request))
#14 [internal function]: Illuminate\Pipeline\Pipeline->Illuminate\Pipeline\{closure}(Object(Illuminate\Http\Request))
#15 C:\wamp64\www\tuto-laravel\vendor\compiled.php(8935): call_user_func(Object(Closure), Object(Illuminate\Http\Request))
#16 C:\wamp64\www\tuto-laravel\vendor\compiled.php(6955): Illuminate\Pipeline\Pipeline->then(Object(Closure))
#17 C:\wamp64\www\tuto-laravel\vendor\compiled.php(6944): Illuminate\Routing\Router->runRouteWithinStack(Object(Illuminate\Routing\Route), Object(Illuminate\Http\Request))
#18 C:\wamp64\www\tuto-laravel\vendor\compiled.php(6929): Illuminate\Routing\Router->dispatchToRoute(Object(Illuminate\Http\Request))
#19 C:\wamp64\www\tuto-laravel\vendor\compiled.php(1935): Illuminate\Routing\Router->dispatch(Object(Illuminate\Http\Request))
#20 [internal function]: Illuminate\Foundation\Http\Kernel->Illuminate\Foundation\Http\{closure}(Object(Illuminate\Http\Request))
#21 C:\wamp64\www\tuto-laravel\vendor\compiled.php(8952): call_user_func(Object(Closure), Object(Illuminate\Http\Request))
#22 C:\wamp64\www\tuto-laravel\vendor\compiled.php(2438): Illuminate\Pipeline\Pipeline->Illuminate\Pipeline\{closure}(Object(Illuminate\Http\Request))
#23 C:\wamp64\www\tuto-laravel\app\Http\Middleware\VerifyCsrfToken.php(17): Illuminate\Foundation\Http\Middleware\VerifyCsrfToken->handle(Object(Illuminate\Http\Request), Object(Closure))
#24 C:\wamp64\www\tuto-laravel\vendor\compiled.php(8944): App\Http\Middleware\VerifyCsrfToken->handle(Object(Illuminate\Http\Request), Object(Closure))
#25 C:\wamp64\www\tuto-laravel\vendor\compiled.php(12083): Illuminate\Pipeline\Pipeline->Illuminate\Pipeline\{closure}(Object(Illuminate\Http\Request))
#26 C:\wamp64\www\tuto-laravel\vendor\compiled.php(8944): Illuminate\View\Middleware\ShareErrorsFromSession->handle(Object(Illuminate\Http\Request), Object(Closure))
#27 C:\wamp64\www\tuto-laravel\vendor\compiled.php(10785): Illuminate\Pipeline\Pipeline->Illuminate\Pipeline\{closure}(Object(Illuminate\Http\Request))
#28 C:\wamp64\www\tuto-laravel\vendor\compiled.php(8944): Illuminate\Session\Middleware\StartSession->handle(Object(Illuminate\Http\Request), Object(Closure))
#29 C:\wamp64\www\tuto-laravel\vendor\compiled.php(11789): Illuminate\Pipeline\Pipeline->Illuminate\Pipeline\{closure}(Object(Illuminate\Http\Request))
#30 C:\wamp64\www\tuto-laravel\vendor\compiled.php(8944): Illuminate\Cookie\Middleware\AddQueuedCookiesToResponse->handle(Object(Illuminate\Http\Request), Object(Closure))
#31 C:\wamp64\www\tuto-laravel\vendor\compiled.php(11738): Illuminate\Pipeline\Pipeline->Illuminate\Pipeline\{closure}(Object(Illuminate\Http\Request))
#32 C:\wamp64\www\tuto-laravel\vendor\compiled.php(8944): Illuminate\Cookie\Middleware\EncryptCookies->handle(Object(Illuminate\Http\Request), Object(Closure))
#33 C:\wamp64\www\tuto-laravel\vendor\compiled.php(2478): Illuminate\Pipeline\Pipeline->Illuminate\Pipeline\{closure}(Object(Illuminate\Http\Request))
#34 C:\wamp64\www\tuto-laravel\vendor\compiled.php(8944): Illuminate\Foundation\Http\Middleware\CheckForMaintenanceMode->handle(Object(Illuminate\Http\Request), Object(Closure))
#35 [internal function]: Illuminate\Pipeline\Pipeline->Illuminate\Pipeline\{closure}(Object(Illuminate\Http\Request))
#36 C:\wamp64\www\tuto-laravel\vendor\compiled.php(8935): call_user_func(Object(Closure), Object(Illuminate\Http\Request))
#37 C:\wamp64\www\tuto-laravel\vendor\compiled.php(1891): Illuminate\Pipeline\Pipeline->then(Object(Closure))
#38 C:\wamp64\www\tuto-laravel\vendor\compiled.php(1880): Illuminate\Foundation\Http\Kernel->sendRequestThroughRouter(Object(Illuminate\Http\Request))
#39 C:\wamp64\www\tuto-laravel\public\index.php(53): Illuminate\Foundation\Http\Kernel->handle(Object(Illuminate\Http\Request))
#40 {main}

Next exception 'ErrorException' with message 'View [defaault] not found. (View: C:\wamp64\www\tuto-laravel\resources\views\pages\about.blade.php)' in C:\wamp64\www\tuto-laravel\vendor\compiled.php:12898
Stack trace:
#0 C:\wamp64\www\tuto-laravel\vendor\compiled.php(13652): Illuminate\View\Engines\CompilerEngine->handleViewException(Object(InvalidArgumentException), 1)
#1 C:\wamp64\www\tuto-laravel\vendor\compiled.php(13683): Illuminate\View\Engines\PhpEngine->evaluatePath('C:\\wamp64\\www\\t...', Array)
#2 C:\wamp64\www\tuto-laravel\vendor\compiled.php(13523): Illuminate\View\Engines\CompilerEngine->get('C:\\wamp64\\www\\t...', Array)
#3 C:\wamp64\www\tuto-laravel\vendor\compiled.php(13510): Illuminate\View\View->getContents()
#4 C:\wamp64\www\tuto-laravel\vendor\compiled.php(13501): Illuminate\View\View->renderContents()
#5 C:\wamp64\www\tuto-laravel\vendor\compiled.php(14597): Illuminate\View\View->render()
#6 C:\wamp64\www\tuto-laravel\vendor\compiled.php(14126): Illuminate\Http\Response->setContent(Object(Illuminate\View\View))
#7 C:\wamp64\www\tuto-laravel\vendor\compiled.php(7154): Symfony\Component\HttpFoundation\Response->__construct(Object(Illuminate\View\View))
#8 C:\wamp64\www\tuto-laravel\vendor\compiled.php(6954): Illuminate\Routing\Router->prepareResponse(Object(Illuminate\Http\Request), Object(Illuminate\View\View))
#9 [internal function]: Illuminate\Routing\Router->Illuminate\Routing\{closure}(Object(Illuminate\Http\Request))
#10 C:\wamp64\www\tuto-laravel\vendor\compiled.php(8952): call_user_func(Object(Closure), Object(Illuminate\Http\Request))
#11 [internal function]: Illuminate\Pipeline\Pipeline->Illuminate\Pipeline\{closure}(Object(Illuminate\Http\Request))
#12 C:\wamp64\www\tuto-laravel\vendor\compiled.php(8935): call_user_func(Object(Closure), Object(Illuminate\Http\Request))
#13 C:\wamp64\www\tuto-laravel\vendor\compiled.php(6955): Illuminate\Pipeline\Pipeline->then(Object(Closure))
#14 C:\wamp64\www\tuto-laravel\vendor\compiled.php(6944): Illuminate\Routing\Router->runRouteWithinStack(Object(Illuminate\Routing\Route), Object(Illuminate\Http\Request))
#15 C:\wamp64\www\tuto-laravel\vendor\compiled.php(6929): Illuminate\Routing\Router->dispatchToRoute(Object(Illuminate\Http\Request))
#16 C:\wamp64\www\tuto-laravel\vendor\compiled.php(1935): Illuminate\Routing\Router->dispatch(Object(Illuminate\Http\Request))
#17 [internal function]: Illuminate\Foundation\Http\Kernel->Illuminate\Foundation\Http\{closure}(Object(Illuminate\Http\Request))
#18 C:\wamp64\www\tuto-laravel\vendor\compiled.php(8952): call_user_func(Object(Closure), Object(Illuminate\Http\Request))
#19 C:\wamp64\www\tuto-laravel\vendor\compiled.php(2438): Illuminate\Pipeline\Pipeline->Illuminate\Pipeline\{closure}(Object(Illuminate\Http\Request))
#20 C:\wamp64\www\tuto-laravel\app\Http\Middleware\VerifyCsrfToken.php(17): Illuminate\Foundation\Http\Middleware\VerifyCsrfToken->handle(Object(Illuminate\Http\Request), Object(Closure))
#21 C:\wamp64\www\tuto-laravel\vendor\compiled.php(8944): App\Http\Middleware\VerifyCsrfToken->handle(Object(Illuminate\Http\Request), Object(Closure))
#22 C:\wamp64\www\tuto-laravel\vendor\compiled.php(12083): Illuminate\Pipeline\Pipeline->Illuminate\Pipeline\{closure}(Object(Illuminate\Http\Request))
#23 C:\wamp64\www\tuto-laravel\vendor\compiled.php(8944): Illuminate\View\Middleware\ShareErrorsFromSession->handle(Object(Illuminate\Http\Request), Object(Closure))
#24 C:\wamp64\www\tuto-laravel\vendor\compiled.php(10785): Illuminate\Pipeline\Pipeline->Illuminate\Pipeline\{closure}(Object(Illuminate\Http\Request))
#25 C:\wamp64\www\tuto-laravel\vendor\compiled.php(8944): Illuminate\Session\Middleware\StartSession->handle(Object(Illuminate\Http\Request), Object(Closure))
#26 C:\wamp64\www\tuto-laravel\vendor\compiled.php(11789): Illuminate\Pipeline\Pipeline->Illuminate\Pipeline\{closure}(Object(Illuminate\Http\Request))
#27 C:\wamp64\www\tuto-laravel\vendor\compiled.php(8944): Illuminate\Cookie\Middleware\AddQueuedCookiesToResponse->handle(Object(Illuminate\Http\Request), Object(Closure))
#28 C:\wamp64\www\tuto-laravel\vendor\compiled.php(11738): Illuminate\Pipeline\Pipeline->Illuminate\Pipeline\{closure}(Object(Illuminate\Http\Request))
#29 C:\wamp64\www\tuto-laravel\vendor\compiled.php(8944): Illuminate\Cookie\Middleware\EncryptCookies->handle(Object(Illuminate\Http\Request), Object(Closure))
#30 C:\wamp64\www\tuto-laravel\vendor\compiled.php(2478): Illuminate\Pipeline\Pipeline->Illuminate\Pipeline\{closure}(Object(Illuminate\Http\Request))
#31 C:\wamp64\www\tuto-laravel\vendor\compiled.php(8944): Illuminate\Foundation\Http\Middleware\CheckForMaintenanceMode->handle(Object(Illuminate\Http\Request), Object(Closure))
#32 [internal function]: Illuminate\Pipeline\Pipeline->Illuminate\Pipeline\{closure}(Object(Illuminate\Http\Request))
#33 C:\wamp64\www\tuto-laravel\vendor\compiled.php(8935): call_user_func(Object(Closure), Object(Illuminate\Http\Request))
#34 C:\wamp64\www\tuto-laravel\vendor\compiled.php(1891): Illuminate\Pipeline\Pipeline->then(Object(Closure))
#35 C:\wamp64\www\tuto-laravel\vendor\compiled.php(1880): Illuminate\Foundation\Http\Kernel->sendRequestThroughRouter(Object(Illuminate\Http\Request))
#36 C:\wamp64\www\tuto-laravel\public\index.php(53): Illuminate\Foundation\Http\Kernel->handle(Object(Illuminate\Http\Request))
#37 {main}  
[2017-04-08 16:48:36] local.ERROR: exception 'InvalidArgumentException' with message 'View [defaault] not found.' in C:\wamp64\www\tuto-laravel\vendor\compiled.php:12898
Stack trace:
#0 C:\wamp64\www\tuto-laravel\vendor\compiled.php(12871): Illuminate\View\FileViewFinder->findInPaths('defaault', Array)
#1 C:\wamp64\www\tuto-laravel\vendor\compiled.php(12996): Illuminate\View\FileViewFinder->find('defaault')
#2 C:\wamp64\www\tuto-laravel\storage\framework\views\02a7df85312587cff81674069934fa5b(8): Illuminate\View\Factory->make('defaault', Array)
#3 C:\wamp64\www\tuto-laravel\vendor\compiled.php(13650): include('C:\\wamp64\\www\\t...')
#4 C:\wamp64\www\tuto-laravel\vendor\compiled.php(13683): Illuminate\View\Engines\PhpEngine->evaluatePath('C:\\wamp64\\www\\t...', Array)
#5 C:\wamp64\www\tuto-laravel\vendor\compiled.php(13523): Illuminate\View\Engines\CompilerEngine->get('C:\\wamp64\\www\\t...', Array)
#6 C:\wamp64\www\tuto-laravel\vendor\compiled.php(13510): Illuminate\View\View->getContents()
#7 C:\wamp64\www\tuto-laravel\vendor\compiled.php(13501): Illuminate\View\View->renderContents()
#8 C:\wamp64\www\tuto-laravel\vendor\compiled.php(14597): Illuminate\View\View->render()
#9 C:\wamp64\www\tuto-laravel\vendor\compiled.php(14126): Illuminate\Http\Response->setContent(Object(Illuminate\View\View))
#10 C:\wamp64\www\tuto-laravel\vendor\compiled.php(7154): Symfony\Component\HttpFoundation\Response->__construct(Object(Illuminate\View\View))
#11 C:\wamp64\www\tuto-laravel\vendor\compiled.php(6954): Illuminate\Routing\Router->prepareResponse(Object(Illuminate\Http\Request), Object(Illuminate\View\View))
#12 [internal function]: Illuminate\Routing\Router->Illuminate\Routing\{closure}(Object(Illuminate\Http\Request))
#13 C:\wamp64\www\tuto-laravel\vendor\compiled.php(8952): call_user_func(Object(Closure), Object(Illuminate\Http\Request))
#14 [internal function]: Illuminate\Pipeline\Pipeline->Illuminate\Pipeline\{closure}(Object(Illuminate\Http\Request))
#15 C:\wamp64\www\tuto-laravel\vendor\compiled.php(8935): call_user_func(Object(Closure), Object(Illuminate\Http\Request))
#16 C:\wamp64\www\tuto-laravel\vendor\compiled.php(6955): Illuminate\Pipeline\Pipeline->then(Object(Closure))
#17 C:\wamp64\www\tuto-laravel\vendor\compiled.php(6944): Illuminate\Routing\Router->runRouteWithinStack(Object(Illuminate\Routing\Route), Object(Illuminate\Http\Request))
#18 C:\wamp64\www\tuto-laravel\vendor\compiled.php(6929): Illuminate\Routing\Router->dispatchToRoute(Object(Illuminate\Http\Request))
#19 C:\wamp64\www\tuto-laravel\vendor\compiled.php(1935): Illuminate\Routing\Router->dispatch(Object(Illuminate\Http\Request))
#20 [internal function]: Illuminate\Foundation\Http\Kernel->Illuminate\Foundation\Http\{closure}(Object(Illuminate\Http\Request))
#21 C:\wamp64\www\tuto-laravel\vendor\compiled.php(8952): call_user_func(Object(Closure), Object(Illuminate\Http\Request))
#22 C:\wamp64\www\tuto-laravel\vendor\compiled.php(2438): Illuminate\Pipeline\Pipeline->Illuminate\Pipeline\{closure}(Object(Illuminate\Http\Request))
#23 C:\wamp64\www\tuto-laravel\app\Http\Middleware\VerifyCsrfToken.php(17): Illuminate\Foundation\Http\Middleware\VerifyCsrfToken->handle(Object(Illuminate\Http\Request), Object(Closure))
#24 C:\wamp64\www\tuto-laravel\vendor\compiled.php(8944): App\Http\Middleware\VerifyCsrfToken->handle(Object(Illuminate\Http\Request), Object(Closure))
#25 C:\wamp64\www\tuto-laravel\vendor\compiled.php(12083): Illuminate\Pipeline\Pipeline->Illuminate\Pipeline\{closure}(Object(Illuminate\Http\Request))
#26 C:\wamp64\www\tuto-laravel\vendor\compiled.php(8944): Illuminate\View\Middleware\ShareErrorsFromSession->handle(Object(Illuminate\Http\Request), Object(Closure))
#27 C:\wamp64\www\tuto-laravel\vendor\compiled.php(10785): Illuminate\Pipeline\Pipeline->Illuminate\Pipeline\{closure}(Object(Illuminate\Http\Request))
#28 C:\wamp64\www\tuto-laravel\vendor\compiled.php(8944): Illuminate\Session\Middleware\StartSession->handle(Object(Illuminate\Http\Request), Object(Closure))
#29 C:\wamp64\www\tuto-laravel\vendor\compiled.php(11789): Illuminate\Pipeline\Pipeline->Illuminate\Pipeline\{closure}(Object(Illuminate\Http\Request))
#30 C:\wamp64\www\tuto-laravel\vendor\compiled.php(8944): Illuminate\Cookie\Middleware\AddQueuedCookiesToResponse->handle(Object(Illuminate\Http\Request), Object(Closure))
#31 C:\wamp64\www\tuto-laravel\vendor\compiled.php(11738): Illuminate\Pipeline\Pipeline->Illuminate\Pipeline\{closure}(Object(Illuminate\Http\Request))
#32 C:\wamp64\www\tuto-laravel\vendor\compiled.php(8944): Illuminate\Cookie\Middleware\EncryptCookies->handle(Object(Illuminate\Http\Request), Object(Closure))
#33 C:\wamp64\www\tuto-laravel\vendor\compiled.php(2478): Illuminate\Pipeline\Pipeline->Illuminate\Pipeline\{closure}(Object(Illuminate\Http\Request))
#34 C:\wamp64\www\tuto-laravel\vendor\compiled.php(8944): Illuminate\Foundation\Http\Middleware\CheckForMaintenanceMode->handle(Object(Illuminate\Http\Request), Object(Closure))
#35 [internal function]: Illuminate\Pipeline\Pipeline->Illuminate\Pipeline\{closure}(Object(Illuminate\Http\Request))
#36 C:\wamp64\www\tuto-laravel\vendor\compiled.php(8935): call_user_func(Object(Closure), Object(Illuminate\Http\Request))
#37 C:\wamp64\www\tuto-laravel\vendor\compiled.php(1891): Illuminate\Pipeline\Pipeline->then(Object(Closure))
#38 C:\wamp64\www\tuto-laravel\vendor\compiled.php(1880): Illuminate\Foundation\Http\Kernel->sendRequestThroughRouter(Object(Illuminate\Http\Request))
#39 C:\wamp64\www\tuto-laravel\public\index.php(53): Illuminate\Foundation\Http\Kernel->handle(Object(Illuminate\Http\Request))
#40 {main}

Next exception 'ErrorException' with message 'View [defaault] not found. (View: C:\wamp64\www\tuto-laravel\resources\views\pages\about.blade.php)' in C:\wamp64\www\tuto-laravel\vendor\compiled.php:12898
Stack trace:
#0 C:\wamp64\www\tuto-laravel\vendor\compiled.php(13652): Illuminate\View\Engines\CompilerEngine->handleViewException(Object(InvalidArgumentException), 1)
#1 C:\wamp64\www\tuto-laravel\vendor\compiled.php(13683): Illuminate\View\Engines\PhpEngine->evaluatePath('C:\\wamp64\\www\\t...', Array)
#2 C:\wamp64\www\tuto-laravel\vendor\compiled.php(13523): Illuminate\View\Engines\CompilerEngine->get('C:\\wamp64\\www\\t...', Array)
#3 C:\wamp64\www\tuto-laravel\vendor\compiled.php(13510): Illuminate\View\View->getContents()
#4 C:\wamp64\www\tuto-laravel\vendor\compiled.php(13501): Illuminate\View\View->renderContents()
#5 C:\wamp64\www\tuto-laravel\vendor\compiled.php(14597): Illuminate\View\View->render()
#6 C:\wamp64\www\tuto-laravel\vendor\compiled.php(14126): Illuminate\Http\Response->setContent(Object(Illuminate\View\View))
#7 C:\wamp64\www\tuto-laravel\vendor\compiled.php(7154): Symfony\Component\HttpFoundation\Response->__construct(Object(Illuminate\View\View))
#8 C:\wamp64\www\tuto-laravel\vendor\compiled.php(6954): Illuminate\Routing\Router->prepareResponse(Object(Illuminate\Http\Request), Object(Illuminate\View\View))
#9 [internal function]: Illuminate\Routing\Router->Illuminate\Routing\{closure}(Object(Illuminate\Http\Request))
#10 C:\wamp64\www\tuto-laravel\vendor\compiled.php(8952): call_user_func(Object(Closure), Object(Illuminate\Http\Request))
#11 [internal function]: Illuminate\Pipeline\Pipeline->Illuminate\Pipeline\{closure}(Object(Illuminate\Http\Request))
#12 C:\wamp64\www\tuto-laravel\vendor\compiled.php(8935): call_user_func(Object(Closure), Object(Illuminate\Http\Request))
#13 C:\wamp64\www\tuto-laravel\vendor\compiled.php(6955): Illuminate\Pipeline\Pipeline->then(Object(Closure))
#14 C:\wamp64\www\tuto-laravel\vendor\compiled.php(6944): Illuminate\Routing\Router->runRouteWithinStack(Object(Illuminate\Routing\Route), Object(Illuminate\Http\Request))
#15 C:\wamp64\www\tuto-laravel\vendor\compiled.php(6929): Illuminate\Routing\Router->dispatchToRoute(Object(Illuminate\Http\Request))
#16 C:\wamp64\www\tuto-laravel\vendor\compiled.php(1935): Illuminate\Routing\Router->dispatch(Object(Illuminate\Http\Request))
#17 [internal function]: Illuminate\Foundation\Http\Kernel->Illuminate\Foundation\Http\{closure}(Object(Illuminate\Http\Request))
#18 C:\wamp64\www\tuto-laravel\vendor\compiled.php(8952): call_user_func(Object(Closure), Object(Illuminate\Http\Request))
#19 C:\wamp64\www\tuto-laravel\vendor\compiled.php(2438): Illuminate\Pipeline\Pipeline->Illuminate\Pipeline\{closure}(Object(Illuminate\Http\Request))
#20 C:\wamp64\www\tuto-laravel\app\Http\Middleware\VerifyCsrfToken.php(17): Illuminate\Foundation\Http\Middleware\VerifyCsrfToken->handle(Object(Illuminate\Http\Request), Object(Closure))
#21 C:\wamp64\www\tuto-laravel\vendor\compiled.php(8944): App\Http\Middleware\VerifyCsrfToken->handle(Object(Illuminate\Http\Request), Object(Closure))
#22 C:\wamp64\www\tuto-laravel\vendor\compiled.php(12083): Illuminate\Pipeline\Pipeline->Illuminate\Pipeline\{closure}(Object(Illuminate\Http\Request))
#23 C:\wamp64\www\tuto-laravel\vendor\compiled.php(8944): Illuminate\View\Middleware\ShareErrorsFromSession->handle(Object(Illuminate\Http\Request), Object(Closure))
#24 C:\wamp64\www\tuto-laravel\vendor\compiled.php(10785): Illuminate\Pipeline\Pipeline->Illuminate\Pipeline\{closure}(Object(Illuminate\Http\Request))
#25 C:\wamp64\www\tuto-laravel\vendor\compiled.php(8944): Illuminate\Session\Middleware\StartSession->handle(Object(Illuminate\Http\Request), Object(Closure))
#26 C:\wamp64\www\tuto-laravel\vendor\compiled.php(11789): Illuminate\Pipeline\Pipeline->Illuminate\Pipeline\{closure}(Object(Illuminate\Http\Request))
#27 C:\wamp64\www\tuto-laravel\vendor\compiled.php(8944): Illuminate\Cookie\Middleware\AddQueuedCookiesToResponse->handle(Object(Illuminate\Http\Request), Object(Closure))
#28 C:\wamp64\www\tuto-laravel\vendor\compiled.php(11738): Illuminate\Pipeline\Pipeline->Illuminate\Pipeline\{closure}(Object(Illuminate\Http\Request))
#29 C:\wamp64\www\tuto-laravel\vendor\compiled.php(8944): Illuminate\Cookie\Middleware\EncryptCookies->handle(Object(Illuminate\Http\Request), Object(Closure))
#30 C:\wamp64\www\tuto-laravel\vendor\compiled.php(2478): Illuminate\Pipeline\Pipeline->Illuminate\Pipeline\{closure}(Object(Illuminate\Http\Request))
#31 C:\wamp64\www\tuto-laravel\vendor\compiled.php(8944): Illuminate\Foundation\Http\Middleware\CheckForMaintenanceMode->handle(Object(Illuminate\Http\Request), Object(Closure))
#32 [internal function]: Illuminate\Pipeline\Pipeline->Illuminate\Pipeline\{closure}(Object(Illuminate\Http\Request))
#33 C:\wamp64\www\tuto-laravel\vendor\compiled.php(8935): call_user_func(Object(Closure), Object(Illuminate\Http\Request))
#34 C:\wamp64\www\tuto-laravel\vendor\compiled.php(1891): Illuminate\Pipeline\Pipeline->then(Object(Closure))
#35 C:\wamp64\www\tuto-laravel\vendor\compiled.php(1880): Illuminate\Foundation\Http\Kernel->sendRequestThroughRouter(Object(Illuminate\Http\Request))
#36 C:\wamp64\www\tuto-laravel\public\index.php(53): Illuminate\Foundation\Http\Kernel->handle(Object(Illuminate\Http\Request))
#37 {main}  
[2017-04-08 16:48:49] local.ERROR: exception 'InvalidArgumentException' with message 'View [defaault] not found.' in C:\wamp64\www\tuto-laravel\vendor\compiled.php:12898
Stack trace:
#0 C:\wamp64\www\tuto-laravel\vendor\compiled.php(12871): Illuminate\View\FileViewFinder->findInPaths('defaault', Array)
#1 C:\wamp64\www\tuto-laravel\vendor\compiled.php(12996): Illuminate\View\FileViewFinder->find('defaault')
#2 C:\wamp64\www\tuto-laravel\storage\framework\views\02a7df85312587cff81674069934fa5b(8): Illuminate\View\Factory->make('defaault', Array)
#3 C:\wamp64\www\tuto-laravel\vendor\compiled.php(13650): include('C:\\wamp64\\www\\t...')
#4 C:\wamp64\www\tuto-laravel\vendor\compiled.php(13683): Illuminate\View\Engines\PhpEngine->evaluatePath('C:\\wamp64\\www\\t...', Array)
#5 C:\wamp64\www\tuto-laravel\vendor\compiled.php(13523): Illuminate\View\Engines\CompilerEngine->get('C:\\wamp64\\www\\t...', Array)
#6 C:\wamp64\www\tuto-laravel\vendor\compiled.php(13510): Illuminate\View\View->getContents()
#7 C:\wamp64\www\tuto-laravel\vendor\compiled.php(13501): Illuminate\View\View->renderContents()
#8 C:\wamp64\www\tuto-laravel\vendor\compiled.php(14597): Illuminate\View\View->render()
#9 C:\wamp64\www\tuto-laravel\vendor\compiled.php(14126): Illuminate\Http\Response->setContent(Object(Illuminate\View\View))
#10 C:\wamp64\www\tuto-laravel\vendor\compiled.php(7154): Symfony\Component\HttpFoundation\Response->__construct(Object(Illuminate\View\View))
#11 C:\wamp64\www\tuto-laravel\vendor\compiled.php(6954): Illuminate\Routing\Router->prepareResponse(Object(Illuminate\Http\Request), Object(Illuminate\View\View))
#12 [internal function]: Illuminate\Routing\Router->Illuminate\Routing\{closure}(Object(Illuminate\Http\Request))
#13 C:\wamp64\www\tuto-laravel\vendor\compiled.php(8952): call_user_func(Object(Closure), Object(Illuminate\Http\Request))
#14 [internal function]: Illuminate\Pipeline\Pipeline->Illuminate\Pipeline\{closure}(Object(Illuminate\Http\Request))
#15 C:\wamp64\www\tuto-laravel\vendor\compiled.php(8935): call_user_func(Object(Closure), Object(Illuminate\Http\Request))
#16 C:\wamp64\www\tuto-laravel\vendor\compiled.php(6955): Illuminate\Pipeline\Pipeline->then(Object(Closure))
#17 C:\wamp64\www\tuto-laravel\vendor\compiled.php(6944): Illuminate\Routing\Router->runRouteWithinStack(Object(Illuminate\Routing\Route), Object(Illuminate\Http\Request))
#18 C:\wamp64\www\tuto-laravel\vendor\compiled.php(6929): Illuminate\Routing\Router->dispatchToRoute(Object(Illuminate\Http\Request))
#19 C:\wamp64\www\tuto-laravel\vendor\compiled.php(1935): Illuminate\Routing\Router->dispatch(Object(Illuminate\Http\Request))
#20 [internal function]: Illuminate\Foundation\Http\Kernel->Illuminate\Foundation\Http\{closure}(Object(Illuminate\Http\Request))
#21 C:\wamp64\www\tuto-laravel\vendor\compiled.php(8952): call_user_func(Object(Closure), Object(Illuminate\Http\Request))
#22 C:\wamp64\www\tuto-laravel\vendor\compiled.php(2438): Illuminate\Pipeline\Pipeline->Illuminate\Pipeline\{closure}(Object(Illuminate\Http\Request))
#23 C:\wamp64\www\tuto-laravel\app\Http\Middleware\VerifyCsrfToken.php(17): Illuminate\Foundation\Http\Middleware\VerifyCsrfToken->handle(Object(Illuminate\Http\Request), Object(Closure))
#24 C:\wamp64\www\tuto-laravel\vendor\compiled.php(8944): App\Http\Middleware\VerifyCsrfToken->handle(Object(Illuminate\Http\Request), Object(Closure))
#25 C:\wamp64\www\tuto-laravel\vendor\compiled.php(12083): Illuminate\Pipeline\Pipeline->Illuminate\Pipeline\{closure}(Object(Illuminate\Http\Request))
#26 C:\wamp64\www\tuto-laravel\vendor\compiled.php(8944): Illuminate\View\Middleware\ShareErrorsFromSession->handle(Object(Illuminate\Http\Request), Object(Closure))
#27 C:\wamp64\www\tuto-laravel\vendor\compiled.php(10785): Illuminate\Pipeline\Pipeline->Illuminate\Pipeline\{closure}(Object(Illuminate\Http\Request))
#28 C:\wamp64\www\tuto-laravel\vendor\compiled.php(8944): Illuminate\Session\Middleware\StartSession->handle(Object(Illuminate\Http\Request), Object(Closure))
#29 C:\wamp64\www\tuto-laravel\vendor\compiled.php(11789): Illuminate\Pipeline\Pipeline->Illuminate\Pipeline\{closure}(Object(Illuminate\Http\Request))
#30 C:\wamp64\www\tuto-laravel\vendor\compiled.php(8944): Illuminate\Cookie\Middleware\AddQueuedCookiesToResponse->handle(Object(Illuminate\Http\Request), Object(Closure))
#31 C:\wamp64\www\tuto-laravel\vendor\compiled.php(11738): Illuminate\Pipeline\Pipeline->Illuminate\Pipeline\{closure}(Object(Illuminate\Http\Request))
#32 C:\wamp64\www\tuto-laravel\vendor\compiled.php(8944): Illuminate\Cookie\Middleware\EncryptCookies->handle(Object(Illuminate\Http\Request), Object(Closure))
#33 C:\wamp64\www\tuto-laravel\vendor\compiled.php(2478): Illuminate\Pipeline\Pipeline->Illuminate\Pipeline\{closure}(Object(Illuminate\Http\Request))
#34 C:\wamp64\www\tuto-laravel\vendor\compiled.php(8944): Illuminate\Foundation\Http\Middleware\CheckForMaintenanceMode->handle(Object(Illuminate\Http\Request), Object(Closure))
#35 [internal function]: Illuminate\Pipeline\Pipeline->Illuminate\Pipeline\{closure}(Object(Illuminate\Http\Request))
#36 C:\wamp64\www\tuto-laravel\vendor\compiled.php(8935): call_user_func(Object(Closure), Object(Illuminate\Http\Request))
#37 C:\wamp64\www\tuto-laravel\vendor\compiled.php(1891): Illuminate\Pipeline\Pipeline->then(Object(Closure))
#38 C:\wamp64\www\tuto-laravel\vendor\compiled.php(1880): Illuminate\Foundation\Http\Kernel->sendRequestThroughRouter(Object(Illuminate\Http\Request))
#39 C:\wamp64\www\tuto-laravel\public\index.php(53): Illuminate\Foundation\Http\Kernel->handle(Object(Illuminate\Http\Request))
#40 {main}

Next exception 'ErrorException' with message 'View [defaault] not found. (View: C:\wamp64\www\tuto-laravel\resources\views\pages\about.blade.php)' in C:\wamp64\www\tuto-laravel\vendor\compiled.php:12898
Stack trace:
#0 C:\wamp64\www\tuto-laravel\vendor\compiled.php(13652): Illuminate\View\Engines\CompilerEngine->handleViewException(Object(InvalidArgumentException), 1)
#1 C:\wamp64\www\tuto-laravel\vendor\compiled.php(13683): Illuminate\View\Engines\PhpEngine->evaluatePath('C:\\wamp64\\www\\t...', Array)
#2 C:\wamp64\www\tuto-laravel\vendor\compiled.php(13523): Illuminate\View\Engines\CompilerEngine->get('C:\\wamp64\\www\\t...', Array)
#3 C:\wamp64\www\tuto-laravel\vendor\compiled.php(13510): Illuminate\View\View->getContents()
#4 C:\wamp64\www\tuto-laravel\vendor\compiled.php(13501): Illuminate\View\View->renderContents()
#5 C:\wamp64\www\tuto-laravel\vendor\compiled.php(14597): Illuminate\View\View->render()
#6 C:\wamp64\www\tuto-laravel\vendor\compiled.php(14126): Illuminate\Http\Response->setContent(Object(Illuminate\View\View))
#7 C:\wamp64\www\tuto-laravel\vendor\compiled.php(7154): Symfony\Component\HttpFoundation\Response->__construct(Object(Illuminate\View\View))
#8 C:\wamp64\www\tuto-laravel\vendor\compiled.php(6954): Illuminate\Routing\Router->prepareResponse(Object(Illuminate\Http\Request), Object(Illuminate\View\View))
#9 [internal function]: Illuminate\Routing\Router->Illuminate\Routing\{closure}(Object(Illuminate\Http\Request))
#10 C:\wamp64\www\tuto-laravel\vendor\compiled.php(8952): call_user_func(Object(Closure), Object(Illuminate\Http\Request))
#11 [internal function]: Illuminate\Pipeline\Pipeline->Illuminate\Pipeline\{closure}(Object(Illuminate\Http\Request))
#12 C:\wamp64\www\tuto-laravel\vendor\compiled.php(8935): call_user_func(Object(Closure), Object(Illuminate\Http\Request))
#13 C:\wamp64\www\tuto-laravel\vendor\compiled.php(6955): Illuminate\Pipeline\Pipeline->then(Object(Closure))
#14 C:\wamp64\www\tuto-laravel\vendor\compiled.php(6944): Illuminate\Routing\Router->runRouteWithinStack(Object(Illuminate\Routing\Route), Object(Illuminate\Http\Request))
#15 C:\wamp64\www\tuto-laravel\vendor\compiled.php(6929): Illuminate\Routing\Router->dispatchToRoute(Object(Illuminate\Http\Request))
#16 C:\wamp64\www\tuto-laravel\vendor\compiled.php(1935): Illuminate\Routing\Router->dispatch(Object(Illuminate\Http\Request))
#17 [internal function]: Illuminate\Foundation\Http\Kernel->Illuminate\Foundation\Http\{closure}(Object(Illuminate\Http\Request))
#18 C:\wamp64\www\tuto-laravel\vendor\compiled.php(8952): call_user_func(Object(Closure), Object(Illuminate\Http\Request))
#19 C:\wamp64\www\tuto-laravel\vendor\compiled.php(2438): Illuminate\Pipeline\Pipeline->Illuminate\Pipeline\{closure}(Object(Illuminate\Http\Request))
#20 C:\wamp64\www\tuto-laravel\app\Http\Middleware\VerifyCsrfToken.php(17): Illuminate\Foundation\Http\Middleware\VerifyCsrfToken->handle(Object(Illuminate\Http\Request), Object(Closure))
#21 C:\wamp64\www\tuto-laravel\vendor\compiled.php(8944): App\Http\Middleware\VerifyCsrfToken->handle(Object(Illuminate\Http\Request), Object(Closure))
#22 C:\wamp64\www\tuto-laravel\vendor\compiled.php(12083): Illuminate\Pipeline\Pipeline->Illuminate\Pipeline\{closure}(Object(Illuminate\Http\Request))
#23 C:\wamp64\www\tuto-laravel\vendor\compiled.php(8944): Illuminate\View\Middleware\ShareErrorsFromSession->handle(Object(Illuminate\Http\Request), Object(Closure))
#24 C:\wamp64\www\tuto-laravel\vendor\compiled.php(10785): Illuminate\Pipeline\Pipeline->Illuminate\Pipeline\{closure}(Object(Illuminate\Http\Request))
#25 C:\wamp64\www\tuto-laravel\vendor\compiled.php(8944): Illuminate\Session\Middleware\StartSession->handle(Object(Illuminate\Http\Request), Object(Closure))
#26 C:\wamp64\www\tuto-laravel\vendor\compiled.php(11789): Illuminate\Pipeline\Pipeline->Illuminate\Pipeline\{closure}(Object(Illuminate\Http\Request))
#27 C:\wamp64\www\tuto-laravel\vendor\compiled.php(8944): Illuminate\Cookie\Middleware\AddQueuedCookiesToResponse->handle(Object(Illuminate\Http\Request), Object(Closure))
#28 C:\wamp64\www\tuto-laravel\vendor\compiled.php(11738): Illuminate\Pipeline\Pipeline->Illuminate\Pipeline\{closure}(Object(Illuminate\Http\Request))
#29 C:\wamp64\www\tuto-laravel\vendor\compiled.php(8944): Illuminate\Cookie\Middleware\EncryptCookies->handle(Object(Illuminate\Http\Request), Object(Closure))
#30 C:\wamp64\www\tuto-laravel\vendor\compiled.php(2478): Illuminate\Pipeline\Pipeline->Illuminate\Pipeline\{closure}(Object(Illuminate\Http\Request))
#31 C:\wamp64\www\tuto-laravel\vendor\compiled.php(8944): Illuminate\Foundation\Http\Middleware\CheckForMaintenanceMode->handle(Object(Illuminate\Http\Request), Object(Closure))
#32 [internal function]: Illuminate\Pipeline\Pipeline->Illuminate\Pipeline\{closure}(Object(Illuminate\Http\Request))
#33 C:\wamp64\www\tuto-laravel\vendor\compiled.php(8935): call_user_func(Object(Closure), Object(Illuminate\Http\Request))
#34 C:\wamp64\www\tuto-laravel\vendor\compiled.php(1891): Illuminate\Pipeline\Pipeline->then(Object(Closure))
#35 C:\wamp64\www\tuto-laravel\vendor\compiled.php(1880): Illuminate\Foundation\Http\Kernel->sendRequestThroughRouter(Object(Illuminate\Http\Request))
#36 C:\wamp64\www\tuto-laravel\public\index.php(53): Illuminate\Foundation\Http\Kernel->handle(Object(Illuminate\Http\Request))
#37 {main}  
[2017-04-08 17:01:39] local.ERROR: exception 'ErrorException' with message 'Undefined variable: tile' in C:\wamp64\www\tuto-laravel\storage\framework\views\02a7df85312587cff81674069934fa5b:3
Stack trace:
#0 C:\wamp64\www\tuto-laravel\storage\framework\views\02a7df85312587cff81674069934fa5b(3): Illuminate\Foundation\Bootstrap\HandleExceptions->handleError(8, 'Undefined varia...', 'C:\\wamp64\\www\\t...', 3, Array)
#1 C:\wamp64\www\tuto-laravel\vendor\compiled.php(13650): include('C:\\wamp64\\www\\t...')
#2 C:\wamp64\www\tuto-laravel\vendor\compiled.php(13683): Illuminate\View\Engines\PhpEngine->evaluatePath('C:\\wamp64\\www\\t...', Array)
#3 C:\wamp64\www\tuto-laravel\vendor\compiled.php(13523): Illuminate\View\Engines\CompilerEngine->get('C:\\wamp64\\www\\t...', Array)
#4 C:\wamp64\www\tuto-laravel\vendor\compiled.php(13510): Illuminate\View\View->getContents()
#5 C:\wamp64\www\tuto-laravel\vendor\compiled.php(13501): Illuminate\View\View->renderContents()
#6 C:\wamp64\www\tuto-laravel\vendor\compiled.php(14597): Illuminate\View\View->render()
#7 C:\wamp64\www\tuto-laravel\vendor\compiled.php(14126): Illuminate\Http\Response->setContent(Object(Illuminate\View\View))
#8 C:\wamp64\www\tuto-laravel\vendor\compiled.php(7154): Symfony\Component\HttpFoundation\Response->__construct(Object(Illuminate\View\View))
#9 C:\wamp64\www\tuto-laravel\vendor\compiled.php(6954): Illuminate\Routing\Router->prepareResponse(Object(Illuminate\Http\Request), Object(Illuminate\View\View))
#10 [internal function]: Illuminate\Routing\Router->Illuminate\Routing\{closure}(Object(Illuminate\Http\Request))
#11 C:\wamp64\www\tuto-laravel\vendor\compiled.php(8952): call_user_func(Object(Closure), Object(Illuminate\Http\Request))
#12 [internal function]: Illuminate\Pipeline\Pipeline->Illuminate\Pipeline\{closure}(Object(Illuminate\Http\Request))
#13 C:\wamp64\www\tuto-laravel\vendor\compiled.php(8935): call_user_func(Object(Closure), Object(Illuminate\Http\Request))
#14 C:\wamp64\www\tuto-laravel\vendor\compiled.php(6955): Illuminate\Pipeline\Pipeline->then(Object(Closure))
#15 C:\wamp64\www\tuto-laravel\vendor\compiled.php(6944): Illuminate\Routing\Router->runRouteWithinStack(Object(Illuminate\Routing\Route), Object(Illuminate\Http\Request))
#16 C:\wamp64\www\tuto-laravel\vendor\compiled.php(6929): Illuminate\Routing\Router->dispatchToRoute(Object(Illuminate\Http\Request))
#17 C:\wamp64\www\tuto-laravel\vendor\compiled.php(1935): Illuminate\Routing\Router->dispatch(Object(Illuminate\Http\Request))
#18 [internal function]: Illuminate\Foundation\Http\Kernel->Illuminate\Foundation\Http\{closure}(Object(Illuminate\Http\Request))
#19 C:\wamp64\www\tuto-laravel\vendor\compiled.php(8952): call_user_func(Object(Closure), Object(Illuminate\Http\Request))
#20 C:\wamp64\www\tuto-laravel\vendor\compiled.php(2438): Illuminate\Pipeline\Pipeline->Illuminate\Pipeline\{closure}(Object(Illuminate\Http\Request))
#21 C:\wamp64\www\tuto-laravel\app\Http\Middleware\VerifyCsrfToken.php(17): Illuminate\Foundation\Http\Middleware\VerifyCsrfToken->handle(Object(Illuminate\Http\Request), Object(Closure))
#22 C:\wamp64\www\tuto-laravel\vendor\compiled.php(8944): App\Http\Middleware\VerifyCsrfToken->handle(Object(Illuminate\Http\Request), Object(Closure))
#23 C:\wamp64\www\tuto-laravel\vendor\compiled.php(12083): Illuminate\Pipeline\Pipeline->Illuminate\Pipeline\{closure}(Object(Illuminate\Http\Request))
#24 C:\wamp64\www\tuto-laravel\vendor\compiled.php(8944): Illuminate\View\Middleware\ShareErrorsFromSession->handle(Object(Illuminate\Http\Request), Object(Closure))
#25 C:\wamp64\www\tuto-laravel\vendor\compiled.php(10785): Illuminate\Pipeline\Pipeline->Illuminate\Pipeline\{closure}(Object(Illuminate\Http\Request))
#26 C:\wamp64\www\tuto-laravel\vendor\compiled.php(8944): Illuminate\Session\Middleware\StartSession->handle(Object(Illuminate\Http\Request), Object(Closure))
#27 C:\wamp64\www\tuto-laravel\vendor\compiled.php(11789): Illuminate\Pipeline\Pipeline->Illuminate\Pipeline\{closure}(Object(Illuminate\Http\Request))
#28 C:\wamp64\www\tuto-laravel\vendor\compiled.php(8944): Illuminate\Cookie\Middleware\AddQueuedCookiesToResponse->handle(Object(Illuminate\Http\Request), Object(Closure))
#29 C:\wamp64\www\tuto-laravel\vendor\compiled.php(11738): Illuminate\Pipeline\Pipeline->Illuminate\Pipeline\{closure}(Object(Illuminate\Http\Request))
#30 C:\wamp64\www\tuto-laravel\vendor\compiled.php(8944): Illuminate\Cookie\Middleware\EncryptCookies->handle(Object(Illuminate\Http\Request), Object(Closure))
#31 C:\wamp64\www\tuto-laravel\vendor\compiled.php(2478): Illuminate\Pipeline\Pipeline->Illuminate\Pipeline\{closure}(Object(Illuminate\Http\Request))
#32 C:\wamp64\www\tuto-laravel\vendor\compiled.php(8944): Illuminate\Foundation\Http\Middleware\CheckForMaintenanceMode->handle(Object(Illuminate\Http\Request), Object(Closure))
#33 [internal function]: Illuminate\Pipeline\Pipeline->Illuminate\Pipeline\{closure}(Object(Illuminate\Http\Request))
#34 C:\wamp64\www\tuto-laravel\vendor\compiled.php(8935): call_user_func(Object(Closure), Object(Illuminate\Http\Request))
#35 C:\wamp64\www\tuto-laravel\vendor\compiled.php(1891): Illuminate\Pipeline\Pipeline->then(Object(Closure))
#36 C:\wamp64\www\tuto-laravel\vendor\compiled.php(1880): Illuminate\Foundation\Http\Kernel->sendRequestThroughRouter(Object(Illuminate\Http\Request))
#37 C:\wamp64\www\tuto-laravel\public\index.php(53): Illuminate\Foundation\Http\Kernel->handle(Object(Illuminate\Http\Request))
#38 {main}

Next exception 'ErrorException' with message 'Undefined variable: tile (View: C:\wamp64\www\tuto-laravel\resources\views\pages\about.blade.php)' in C:\wamp64\www\tuto-laravel\storage\framework\views\02a7df85312587cff81674069934fa5b:3
Stack trace:
#0 C:\wamp64\www\tuto-laravel\vendor\compiled.php(13652): Illuminate\View\Engines\CompilerEngine->handleViewException(Object(ErrorException), 1)
#1 C:\wamp64\www\tuto-laravel\vendor\compiled.php(13683): Illuminate\View\Engines\PhpEngine->evaluatePath('C:\\wamp64\\www\\t...', Array)
#2 C:\wamp64\www\tuto-laravel\vendor\compiled.php(13523): Illuminate\View\Engines\CompilerEngine->get('C:\\wamp64\\www\\t...', Array)
#3 C:\wamp64\www\tuto-laravel\vendor\compiled.php(13510): Illuminate\View\View->getContents()
#4 C:\wamp64\www\tuto-laravel\vendor\compiled.php(13501): Illuminate\View\View->renderContents()
#5 C:\wamp64\www\tuto-laravel\vendor\compiled.php(14597): Illuminate\View\View->render()
#6 C:\wamp64\www\tuto-laravel\vendor\compiled.php(14126): Illuminate\Http\Response->setContent(Object(Illuminate\View\View))
#7 C:\wamp64\www\tuto-laravel\vendor\compiled.php(7154): Symfony\Component\HttpFoundation\Response->__construct(Object(Illuminate\View\View))
#8 C:\wamp64\www\tuto-laravel\vendor\compiled.php(6954): Illuminate\Routing\Router->prepareResponse(Object(Illuminate\Http\Request), Object(Illuminate\View\View))
#9 [internal function]: Illuminate\Routing\Router->Illuminate\Routing\{closure}(Object(Illuminate\Http\Request))
#10 C:\wamp64\www\tuto-laravel\vendor\compiled.php(8952): call_user_func(Object(Closure), Object(Illuminate\Http\Request))
#11 [internal function]: Illuminate\Pipeline\Pipeline->Illuminate\Pipeline\{closure}(Object(Illuminate\Http\Request))
#12 C:\wamp64\www\tuto-laravel\vendor\compiled.php(8935): call_user_func(Object(Closure), Object(Illuminate\Http\Request))
#13 C:\wamp64\www\tuto-laravel\vendor\compiled.php(6955): Illuminate\Pipeline\Pipeline->then(Object(Closure))
#14 C:\wamp64\www\tuto-laravel\vendor\compiled.php(6944): Illuminate\Routing\Router->runRouteWithinStack(Object(Illuminate\Routing\Route), Object(Illuminate\Http\Request))
#15 C:\wamp64\www\tuto-laravel\vendor\compiled.php(6929): Illuminate\Routing\Router->dispatchToRoute(Object(Illuminate\Http\Request))
#16 C:\wamp64\www\tuto-laravel\vendor\compiled.php(1935): Illuminate\Routing\Router->dispatch(Object(Illuminate\Http\Request))
#17 [internal function]: Illuminate\Foundation\Http\Kernel->Illuminate\Foundation\Http\{closure}(Object(Illuminate\Http\Request))
#18 C:\wamp64\www\tuto-laravel\vendor\compiled.php(8952): call_user_func(Object(Closure), Object(Illuminate\Http\Request))
#19 C:\wamp64\www\tuto-laravel\vendor\compiled.php(2438): Illuminate\Pipeline\Pipeline->Illuminate\Pipeline\{closure}(Object(Illuminate\Http\Request))
#20 C:\wamp64\www\tuto-laravel\app\Http\Middleware\VerifyCsrfToken.php(17): Illuminate\Foundation\Http\Middleware\VerifyCsrfToken->handle(Object(Illuminate\Http\Request), Object(Closure))
#21 C:\wamp64\www\tuto-laravel\vendor\compiled.php(8944): App\Http\Middleware\VerifyCsrfToken->handle(Object(Illuminate\Http\Request), Object(Closure))
#22 C:\wamp64\www\tuto-laravel\vendor\compiled.php(12083): Illuminate\Pipeline\Pipeline->Illuminate\Pipeline\{closure}(Object(Illuminate\Http\Request))
#23 C:\wamp64\www\tuto-laravel\vendor\compiled.php(8944): Illuminate\View\Middleware\ShareErrorsFromSession->handle(Object(Illuminate\Http\Request), Object(Closure))
#24 C:\wamp64\www\tuto-laravel\vendor\compiled.php(10785): Illuminate\Pipeline\Pipeline->Illuminate\Pipeline\{closure}(Object(Illuminate\Http\Request))
#25 C:\wamp64\www\tuto-laravel\vendor\compiled.php(8944): Illuminate\Session\Middleware\StartSession->handle(Object(Illuminate\Http\Request), Object(Closure))
#26 C:\wamp64\www\tuto-laravel\vendor\compiled.php(11789): Illuminate\Pipeline\Pipeline->Illuminate\Pipeline\{closure}(Object(Illuminate\Http\Request))
#27 C:\wamp64\www\tuto-laravel\vendor\compiled.php(8944): Illuminate\Cookie\Middleware\AddQueuedCookiesToResponse->handle(Object(Illuminate\Http\Request), Object(Closure))
#28 C:\wamp64\www\tuto-laravel\vendor\compiled.php(11738): Illuminate\Pipeline\Pipeline->Illuminate\Pipeline\{closure}(Object(Illuminate\Http\Request))
#29 C:\wamp64\www\tuto-laravel\vendor\compiled.php(8944): Illuminate\Cookie\Middleware\EncryptCookies->handle(Object(Illuminate\Http\Request), Object(Closure))
#30 C:\wamp64\www\tuto-laravel\vendor\compiled.php(2478): Illuminate\Pipeline\Pipeline->Illuminate\Pipeline\{closure}(Object(Illuminate\Http\Request))
#31 C:\wamp64\www\tuto-laravel\vendor\compiled.php(8944): Illuminate\Foundation\Http\Middleware\CheckForMaintenanceMode->handle(Object(Illuminate\Http\Request), Object(Closure))
#32 [internal function]: Illuminate\Pipeline\Pipeline->Illuminate\Pipeline\{closure}(Object(Illuminate\Http\Request))
#33 C:\wamp64\www\tuto-laravel\vendor\compiled.php(8935): call_user_func(Object(Closure), Object(Illuminate\Http\Request))
#34 C:\wamp64\www\tuto-laravel\vendor\compiled.php(1891): Illuminate\Pipeline\Pipeline->then(Object(Closure))
#35 C:\wamp64\www\tuto-laravel\vendor\compiled.php(1880): Illuminate\Foundation\Http\Kernel->sendRequestThroughRouter(Object(Illuminate\Http\Request))
#36 C:\wamp64\www\tuto-laravel\public\index.php(53): Illuminate\Foundation\Http\Kernel->handle(Object(Illuminate\Http\Request))
#37 {main}  
