[2017-04-07 11:48:09] local.ERROR: exception 'Symfony\Component\Debug\Exception\FatalErrorException' with message 'syntax error, unexpected ','' in C:\wamp64\www\tuto-laravel\app\Http\routes.php:14
Stack trace:
#0 C:\wamp64\www\tuto-laravel\vendor\compiled.php(1743): Symfony\Component\Debug\Exception\FatalErrorException->__construct()
#1 C:\wamp64\www\tuto-laravel\vendor\compiled.php(1738): Illuminate\Foundation\Bootstrap\HandleExceptions->fatalExceptionFromError()
#2 C:\wamp64\www\tuto-laravel\vendor\compiled.php(0): Illuminate\Foundation\Bootstrap\HandleExceptions->handleShutdown()
#3 C:\wamp64\www\tuto-laravel\vendor\compiled.php(6819): App\Providers\RouteServiceProvider->App\Providers\{closure}()
#4 C:\wamp64\www\tuto-laravel\vendor\compiled.php(6819): call_user_func:{C:\wamp64\www\tuto-laravel\vendor\compiled.php:6819}()
#5 C:\wamp64\www\tuto-laravel\vendor\compiled.php(17159): Illuminate\Routing\Router->group()
#6 C:\wamp64\www\tuto-laravel\vendor\compiled.php(925): App\Providers\RouteServiceProvider->map()
#7 C:\wamp64\www\tuto-laravel\vendor\compiled.php(925): call_user_func_array:{C:\wamp64\www\tuto-laravel\vendor\compiled.php:925}()
#8 C:\wamp64\www\tuto-laravel\vendor\compiled.php(4858): Illuminate\Container\Container->call()
#9 C:\wamp64\www\tuto-laravel\vendor\compiled.php(4840): Illuminate\Foundation\Support\Providers\RouteServiceProvider->loadRoutes()
#10 C:\wamp64\www\tuto-laravel\vendor\compiled.php(17153): Illuminate\Foundation\Support\Providers\RouteServiceProvider->boot()
#11 C:\wamp64\www\tuto-laravel\vendor\compiled.php(925): App\Providers\RouteServiceProvider->boot()
#12 C:\wamp64\www\tuto-laravel\vendor\compiled.php(925): call_user_func_array:{C:\wamp64\www\tuto-laravel\vendor\compiled.php:925}()
#13 C:\wamp64\www\tuto-laravel\vendor\compiled.php(1518): Illuminate\Container\Container->call()
#14 C:\wamp64\www\tuto-laravel\vendor\compiled.php(1510): Illuminate\Foundation\Application->bootProvider()
#15 C:\wamp64\www\tuto-laravel\vendor\compiled.php(1511): Illuminate\Foundation\Application->Illuminate\Foundation\{closure}()
#16 C:\wamp64\www\tuto-laravel\vendor\compiled.php(1511): array_walk()
#17 C:\wamp64\www\tuto-laravel\vendor\compiled.php(1785): Illuminate\Foundation\Application->boot()
#18 C:\wamp64\www\tuto-laravel\vendor\compiled.php(1311): Illuminate\Foundation\Bootstrap\BootProviders->bootstrap()
#19 C:\wamp64\www\tuto-laravel\vendor\compiled.php(1928): Illuminate\Foundation\Application->bootstrapWith()
#20 C:\wamp64\www\tuto-laravel\vendor\compiled.php(1890): Illuminate\Foundation\Http\Kernel->bootstrap()
#21 C:\wamp64\www\tuto-laravel\vendor\compiled.php(1880): Illuminate\Foundation\Http\Kernel->sendRequestThroughRouter()
#22 C:\wamp64\www\tuto-laravel\public\index.php(53): Illuminate\Foundation\Http\Kernel->handle()
#23 C:\wamp64\www\tuto-laravel\public\index.php(0): {main}()
#24 {main}  
[2017-04-07 11:48:21] local.ERROR: exception 'Symfony\Component\Debug\Exception\FatalErrorException' with message 'syntax error, unexpected ','' in C:\wamp64\www\tuto-laravel\app\Http\routes.php:14
Stack trace:
#0 C:\wamp64\www\tuto-laravel\vendor\compiled.php(1743): Symfony\Component\Debug\Exception\FatalErrorException->__construct()
#1 C:\wamp64\www\tuto-laravel\vendor\compiled.php(1738): Illuminate\Foundation\Bootstrap\HandleExceptions->fatalExceptionFromError()
#2 C:\wamp64\www\tuto-laravel\vendor\compiled.php(0): Illuminate\Foundation\Bootstrap\HandleExceptions->handleShutdown()
#3 C:\wamp64\www\tuto-laravel\vendor\compiled.php(6819): App\Providers\RouteServiceProvider->App\Providers\{closure}()
#4 C:\wamp64\www\tuto-laravel\vendor\compiled.php(6819): call_user_func:{C:\wamp64\www\tuto-laravel\vendor\compiled.php:6819}()
#5 C:\wamp64\www\tuto-laravel\vendor\compiled.php(17159): Illuminate\Routing\Router->group()
#6 C:\wamp64\www\tuto-laravel\vendor\compiled.php(925): App\Providers\RouteServiceProvider->map()
#7 C:\wamp64\www\tuto-laravel\vendor\compiled.php(925): call_user_func_array:{C:\wamp64\www\tuto-laravel\vendor\compiled.php:925}()
#8 C:\wamp64\www\tuto-laravel\vendor\compiled.php(4858): Illuminate\Container\Container->call()
#9 C:\wamp64\www\tuto-laravel\vendor\compiled.php(4840): Illuminate\Foundation\Support\Providers\RouteServiceProvider->loadRoutes()
#10 C:\wamp64\www\tuto-laravel\vendor\compiled.php(17153): Illuminate\Foundation\Support\Providers\RouteServiceProvider->boot()
#11 C:\wamp64\www\tuto-laravel\vendor\compiled.php(925): App\Providers\RouteServiceProvider->boot()
#12 C:\wamp64\www\tuto-laravel\vendor\compiled.php(925): call_user_func_array:{C:\wamp64\www\tuto-laravel\vendor\compiled.php:925}()
#13 C:\wamp64\www\tuto-laravel\vendor\compiled.php(1518): Illuminate\Container\Container->call()
#14 C:\wamp64\www\tuto-laravel\vendor\compiled.php(1510): Illuminate\Foundation\Application->bootProvider()
#15 C:\wamp64\www\tuto-laravel\vendor\compiled.php(1511): Illuminate\Foundation\Application->Illuminate\Foundation\{closure}()
#16 C:\wamp64\www\tuto-laravel\vendor\compiled.php(1511): array_walk()
#17 C:\wamp64\www\tuto-laravel\vendor\compiled.php(1785): Illuminate\Foundation\Application->boot()
#18 C:\wamp64\www\tuto-laravel\vendor\compiled.php(1311): Illuminate\Foundation\Bootstrap\BootProviders->bootstrap()
#19 C:\wamp64\www\tuto-laravel\vendor\compiled.php(1928): Illuminate\Foundation\Application->bootstrapWith()
#20 C:\wamp64\www\tuto-laravel\vendor\compiled.php(1890): Illuminate\Foundation\Http\Kernel->bootstrap()
#21 C:\wamp64\www\tuto-laravel\vendor\compiled.php(1880): Illuminate\Foundation\Http\Kernel->sendRequestThroughRouter()
#22 C:\wamp64\www\tuto-laravel\public\index.php(53): Illuminate\Foundation\Http\Kernel->handle()
#23 C:\wamp64\www\tuto-laravel\public\index.php(0): {main}()
#24 {main}  
[2017-04-07 11:57:14] local.ERROR: exception 'PDOException' with message 'SQLSTATE[HY000] [1045] Accès refusé pour l'utilisateur: 'homestead'@'@localhost' (mot de passe: OUI)' in C:\wamp64\www\tuto-laravel\vendor\laravel\framework\src\Illuminate\Database\Connectors\Connector.php:47
Stack trace:
#0 C:\wamp64\www\tuto-laravel\vendor\laravel\framework\src\Illuminate\Database\Connectors\Connector.php(47): PDO->__construct('mysql:host=loca...', 'homestead', 'secret', Array)
#1 C:\wamp64\www\tuto-laravel\vendor\laravel\framework\src\Illuminate\Database\Connectors\MySqlConnector.php(20): Illuminate\Database\Connectors\Connector->createConnection('mysql:host=loca...', Array, Array)
#2 C:\wamp64\www\tuto-laravel\vendor\compiled.php(10673): Illuminate\Database\Connectors\MySqlConnector->connect(Array)
#3 C:\wamp64\www\tuto-laravel\vendor\compiled.php(10669): Illuminate\Database\Connectors\ConnectionFactory->createSingleConnection(Array)
#4 C:\wamp64\www\tuto-laravel\vendor\compiled.php(10587): Illuminate\Database\Connectors\ConnectionFactory->make(Array, 'mysql')
#5 C:\wamp64\www\tuto-laravel\vendor\compiled.php(10542): Illuminate\Database\DatabaseManager->makeConnection('mysql')
#6 C:\wamp64\www\tuto-laravel\vendor\laravel\framework\src\Illuminate\Auth\Passwords\PasswordResetServiceProvider.php(63): Illuminate\Database\DatabaseManager->connection()
#7 C:\wamp64\www\tuto-laravel\vendor\compiled.php(1027): Illuminate\Auth\Passwords\PasswordResetServiceProvider->Illuminate\Auth\Passwords\{closure}(Object(Illuminate\Foundation\Application), Array)
#8 C:\wamp64\www\tuto-laravel\vendor\compiled.php(980): Illuminate\Container\Container->build(Object(Closure), Array)
#9 C:\wamp64\www\tuto-laravel\vendor\compiled.php(1493): Illuminate\Container\Container->make('auth.password.t...', Array)
#10 C:\wamp64\www\tuto-laravel\vendor\compiled.php(1213): Illuminate\Foundation\Application->make('auth.password.t...')
#11 C:\wamp64\www\tuto-laravel\vendor\laravel\framework\src\Illuminate\Auth\Passwords\PasswordResetServiceProvider.php(39): Illuminate\Container\Container->offsetGet('auth.password.t...')
#12 C:\wamp64\www\tuto-laravel\vendor\compiled.php(1027): Illuminate\Auth\Passwords\PasswordResetServiceProvider->Illuminate\Auth\Passwords\{closure}(Object(Illuminate\Foundation\Application), Array)
#13 C:\wamp64\www\tuto-laravel\vendor\compiled.php(980): Illuminate\Container\Container->build(Object(Closure), Array)
#14 C:\wamp64\www\tuto-laravel\vendor\compiled.php(1493): Illuminate\Container\Container->make('auth.password', Array)
#15 C:\wamp64\www\tuto-laravel\vendor\compiled.php(1072): Illuminate\Foundation\Application->make('Illuminate\\Cont...')
#16 C:\wamp64\www\tuto-laravel\vendor\compiled.php(1056): Illuminate\Container\Container->resolveClass(Object(ReflectionParameter))
#17 C:\wamp64\www\tuto-laravel\vendor\compiled.php(1042): Illuminate\Container\Container->getDependencies(Array, Array)
#18 C:\wamp64\www\tuto-laravel\vendor\compiled.php(980): Illuminate\Container\Container->build('App\\Http\\Contro...', Array)
#19 C:\wamp64\www\tuto-laravel\vendor\compiled.php(1493): Illuminate\Container\Container->make('App\\Http\\Contro...', Array)
#20 C:\wamp64\www\tuto-laravel\vendor\laravel\framework\src\Illuminate\Foundation\Console\RouteListCommand.php(158): Illuminate\Foundation\Application->make('App\\Http\\Contro...')
#21 C:\wamp64\www\tuto-laravel\vendor\laravel\framework\src\Illuminate\Foundation\Console\RouteListCommand.php(141): Illuminate\Foundation\Console\RouteListCommand->getControllerMiddleware('App\\Http\\Contro...')
#22 C:\wamp64\www\tuto-laravel\vendor\laravel\framework\src\Illuminate\Foundation\Console\RouteListCommand.php(108): Illuminate\Foundation\Console\RouteListCommand->getMiddleware(Object(Illuminate\Routing\Route))
#23 C:\wamp64\www\tuto-laravel\vendor\laravel\framework\src\Illuminate\Foundation\Console\RouteListCommand.php(88): Illuminate\Foundation\Console\RouteListCommand->getRouteInformation(Object(Illuminate\Routing\Route))
#24 C:\wamp64\www\tuto-laravel\vendor\laravel\framework\src\Illuminate\Foundation\Console\RouteListCommand.php(74): Illuminate\Foundation\Console\RouteListCommand->getRoutes()
#25 [internal function]: Illuminate\Foundation\Console\RouteListCommand->fire()
#26 C:\wamp64\www\tuto-laravel\vendor\compiled.php(925): call_user_func_array(Array, Array)
#27 C:\wamp64\www\tuto-laravel\vendor\laravel\framework\src\Illuminate\Console\Command.php(115): Illuminate\Container\Container->call(Array)
#28 C:\wamp64\www\tuto-laravel\vendor\symfony\console\Symfony\Component\Console\Command\Command.php(253): Illuminate\Console\Command->execute(Object(Symfony\Component\Console\Input\ArgvInput), Object(Symfony\Component\Console\Output\ConsoleOutput))
#29 C:\wamp64\www\tuto-laravel\vendor\laravel\framework\src\Illuminate\Console\Command.php(101): Symfony\Component\Console\Command\Command->run(Object(Symfony\Component\Console\Input\ArgvInput), Object(Symfony\Component\Console\Output\ConsoleOutput))
#30 C:\wamp64\www\tuto-laravel\vendor\symfony\console\Symfony\Component\Console\Application.php(874): Illuminate\Console\Command->run(Object(Symfony\Component\Console\Input\ArgvInput), Object(Symfony\Component\Console\Output\ConsoleOutput))
#31 C:\wamp64\www\tuto-laravel\vendor\symfony\console\Symfony\Component\Console\Application.php(195): Symfony\Component\Console\Application->doRunCommand(Object(Illuminate\Foundation\Console\RouteListCommand), Object(Symfony\Component\Console\Input\ArgvInput), Object(Symfony\Component\Console\Output\ConsoleOutput))
#32 C:\wamp64\www\tuto-laravel\vendor\symfony\console\Symfony\Component\Console\Application.php(126): Symfony\Component\Console\Application->doRun(Object(Symfony\Component\Console\Input\ArgvInput), Object(Symfony\Component\Console\Output\ConsoleOutput))
#33 C:\wamp64\www\tuto-laravel\vendor\laravel\framework\src\Illuminate\Foundation\Console\Kernel.php(90): Symfony\Component\Console\Application->run(Object(Symfony\Component\Console\Input\ArgvInput), Object(Symfony\Component\Console\Output\ConsoleOutput))
#34 C:\wamp64\www\tuto-laravel\artisan(36): Illuminate\Foundation\Console\Kernel->handle(Object(Symfony\Component\Console\Input\ArgvInput), Object(Symfony\Component\Console\Output\ConsoleOutput))
#35 {main}  
[2017-04-07 13:03:23] local.ERROR: exception 'ReflectionException' with message 'Class Ip does not exist' in C:\wamp64\www\tuto-laravel\vendor\compiled.php:1029
Stack trace:
#0 C:\wamp64\www\tuto-laravel\vendor\compiled.php(1029): ReflectionClass->__construct('Ip')
#1 C:\wamp64\www\tuto-laravel\vendor\compiled.php(980): Illuminate\Container\Container->build('Ip', Array)
#2 C:\wamp64\www\tuto-laravel\vendor\compiled.php(1493): Illuminate\Container\Container->make('Ip', Array)
#3 C:\wamp64\www\tuto-laravel\vendor\compiled.php(8944): Illuminate\Foundation\Application->make('Ip')
#4 [internal function]: Illuminate\Pipeline\Pipeline->Illuminate\Pipeline\{closure}(Object(Illuminate\Http\Request))
#5 C:\wamp64\www\tuto-laravel\vendor\compiled.php(8935): call_user_func(Object(Closure), Object(Illuminate\Http\Request))
#6 C:\wamp64\www\tuto-laravel\vendor\compiled.php(6955): Illuminate\Pipeline\Pipeline->then(Object(Closure))
#7 C:\wamp64\www\tuto-laravel\vendor\compiled.php(6944): Illuminate\Routing\Router->runRouteWithinStack(Object(Illuminate\Routing\Route), Object(Illuminate\Http\Request))
#8 C:\wamp64\www\tuto-laravel\vendor\compiled.php(6929): Illuminate\Routing\Router->dispatchToRoute(Object(Illuminate\Http\Request))
#9 C:\wamp64\www\tuto-laravel\vendor\compiled.php(1935): Illuminate\Routing\Router->dispatch(Object(Illuminate\Http\Request))
#10 [internal function]: Illuminate\Foundation\Http\Kernel->Illuminate\Foundation\Http\{closure}(Object(Illuminate\Http\Request))
#11 C:\wamp64\www\tuto-laravel\vendor\compiled.php(8952): call_user_func(Object(Closure), Object(Illuminate\Http\Request))
#12 C:\wamp64\www\tuto-laravel\vendor\compiled.php(2438): Illuminate\Pipeline\Pipeline->Illuminate\Pipeline\{closure}(Object(Illuminate\Http\Request))
#13 C:\wamp64\www\tuto-laravel\app\Http\Middleware\VerifyCsrfToken.php(17): Illuminate\Foundation\Http\Middleware\VerifyCsrfToken->handle(Object(Illuminate\Http\Request), Object(Closure))
#14 C:\wamp64\www\tuto-laravel\vendor\compiled.php(8944): App\Http\Middleware\VerifyCsrfToken->handle(Object(Illuminate\Http\Request), Object(Closure))
#15 C:\wamp64\www\tuto-laravel\vendor\compiled.php(12083): Illuminate\Pipeline\Pipeline->Illuminate\Pipeline\{closure}(Object(Illuminate\Http\Request))
#16 C:\wamp64\www\tuto-laravel\vendor\compiled.php(8944): Illuminate\View\Middleware\ShareErrorsFromSession->handle(Object(Illuminate\Http\Request), Object(Closure))
#17 C:\wamp64\www\tuto-laravel\vendor\compiled.php(10785): Illuminate\Pipeline\Pipeline->Illuminate\Pipeline\{closure}(Object(Illuminate\Http\Request))
#18 C:\wamp64\www\tuto-laravel\vendor\compiled.php(8944): Illuminate\Session\Middleware\StartSession->handle(Object(Illuminate\Http\Request), Object(Closure))
#19 C:\wamp64\www\tuto-laravel\vendor\compiled.php(11789): Illuminate\Pipeline\Pipeline->Illuminate\Pipeline\{closure}(Object(Illuminate\Http\Request))
#20 C:\wamp64\www\tuto-laravel\vendor\compiled.php(8944): Illuminate\Cookie\Middleware\AddQueuedCookiesToResponse->handle(Object(Illuminate\Http\Request), Object(Closure))
#21 C:\wamp64\www\tuto-laravel\vendor\compiled.php(11738): Illuminate\Pipeline\Pipeline->Illuminate\Pipeline\{closure}(Object(Illuminate\Http\Request))
#22 C:\wamp64\www\tuto-laravel\vendor\compiled.php(8944): Illuminate\Cookie\Middleware\EncryptCookies->handle(Object(Illuminate\Http\Request), Object(Closure))
#23 C:\wamp64\www\tuto-laravel\vendor\compiled.php(2478): Illuminate\Pipeline\Pipeline->Illuminate\Pipeline\{closure}(Object(Illuminate\Http\Request))
#24 C:\wamp64\www\tuto-laravel\vendor\compiled.php(8944): Illuminate\Foundation\Http\Middleware\CheckForMaintenanceMode->handle(Object(Illuminate\Http\Request), Object(Closure))
#25 [internal function]: Illuminate\Pipeline\Pipeline->Illuminate\Pipeline\{closure}(Object(Illuminate\Http\Request))
#26 C:\wamp64\www\tuto-laravel\vendor\compiled.php(8935): call_user_func(Object(Closure), Object(Illuminate\Http\Request))
#27 C:\wamp64\www\tuto-laravel\vendor\compiled.php(1891): Illuminate\Pipeline\Pipeline->then(Object(Closure))
#28 C:\wamp64\www\tuto-laravel\vendor\compiled.php(1880): Illuminate\Foundation\Http\Kernel->sendRequestThroughRouter(Object(Illuminate\Http\Request))
#29 C:\wamp64\www\tuto-laravel\public\index.php(53): Illuminate\Foundation\Http\Kernel->handle(Object(Illuminate\Http\Request))
#30 {main}  
[2017-04-07 13:03:23] local.ERROR: exception 'ReflectionException' with message 'Class Ip does not exist' in C:\wamp64\www\tuto-laravel\vendor\compiled.php:1029
Stack trace:
#0 C:\wamp64\www\tuto-laravel\vendor\compiled.php(1029): ReflectionClass->__construct('Ip')
#1 C:\wamp64\www\tuto-laravel\vendor\compiled.php(980): Illuminate\Container\Container->build('Ip', Array)
#2 C:\wamp64\www\tuto-laravel\vendor\compiled.php(1493): Illuminate\Container\Container->make('Ip', Array)
#3 C:\wamp64\www\tuto-laravel\vendor\compiled.php(1897): Illuminate\Foundation\Application->make('Ip')
#4 C:\wamp64\www\tuto-laravel\public\index.php(57): Illuminate\Foundation\Http\Kernel->terminate(Object(Illuminate\Http\Request), Object(Symfony\Component\HttpFoundation\Response))
#5 {main}  
